This file contains any messages produced by compilers while
running configure, to aid debugging if configure makes a mistake.

It was created by FULL-PACKAGE-NAME configure VERSION, which was
generated by GNU Autoconf 2.68.  Invocation command line was

  $ ../configure --prefix=/usr --with-nvapi=/d/opt/nvapi-r334/nvapi-334 --with-jre=/c/Program Files/Java/jdk1.6.0_45 --with-lib2a=/d/opt/LIB2A-2.0/LIB2A/

## --------- ##
## Platform. ##
## --------- ##

hostname = AsusNBA
uname -m = i686
uname -r = 1.0.18(0.48/3/2)
uname -s = MINGW32_NT-6.2
uname -v = 2012-11-21 22:34

/usr/bin/uname -p = unknown
/bin/uname -X     = unknown

/bin/arch              = unknown
/usr/bin/arch -k       = unknown
/usr/convex/getsysinfo = unknown
/usr/bin/hostinfo      = unknown
/bin/machine           = unknown
/usr/bin/oslevel       = unknown
/bin/universe          = unknown

PATH: .
PATH: /usr/local/bin
PATH: /mingw/bin
PATH: /bin
PATH: /c/Program Files/Java/jdk1.7.0_55/bin
PATH: /c/Program Files (x86)/PHP/v5.4
PATH: /c/Windows/system32/inetsrv
PATH: /c/Program Files (x86)/iis express/PHP/v5.4
PATH: /c/Program Files (x86)/Intel/iCLS Client/
PATH: /c/Program Files/Intel/iCLS Client/
PATH: /c/Program Files (x86)/NVIDIA Corporation/PhysX/Common
PATH: /c/Windows/system32
PATH: /c/Windows
PATH: /c/Windows/System32/Wbem
PATH: /c/Windows/System32/WindowsPowerShell/v1.0/
PATH: /c/Program Files (x86)/Windows Live/Shared
PATH: /c/Program Files/Intel/Intel(R) Management Engine Components/DAL
PATH: /c/Program Files/Intel/Intel(R) Management Engine Components/IPT
PATH: /c/Program Files (x86)/Intel/Intel(R) Management Engine Components/DAL
PATH: /c/Program Files (x86)/Intel/Intel(R) Management Engine Components/IPT
PATH: /c/Program Files/TortoiseSVN/bin
PATH: /c/Program Files/Microsoft/Web Platform Installer/
PATH: /c/Program Files (x86)/MySQL/MySQL Utilities 1.3.4/
PATH: /c/Program Files (x86)/Common Files/Intuit/QBPOSSDKRuntime
PATH: /c/Program Files (x86)/GTK/bin
PATH: /c/WINDOWS/system32
PATH: /c/WINDOWS
PATH: /c/WINDOWS/System32/Wbem
PATH: /c/WINDOWS/System32/WindowsPowerShell/v1.0/
PATH: /c/RailsInstaller/Git/cmd
PATH: /c/RailsInstaller/Ruby1.9.3/bin
PATH: /c/Program Files/smartmontools/bin
PATH: /c/MinGW/bin
PATH: /c/opt/lein/bin
PATH: /c/MinGW/bin


## ----------- ##
## Core tests. ##
## ----------- ##

configure:2369: checking build system type
configure:2383: result: i686-pc-mingw32
configure:2403: checking host system type
configure:2416: result: i686-pc-mingw32
configure:2436: checking target system type
configure:2449: result: i686-pc-mingw32
configure:2492: checking for a BSD-compatible install
configure:2560: result: /bin/install -c
configure:2571: checking whether build environment is sane
configure:2621: result: yes
configure:2762: checking for a thread-safe mkdir -p
configure:2801: result: /bin/mkdir -p
configure:2814: checking for gawk
configure:2830: found /bin/gawk
configure:2841: result: gawk
configure:2852: checking whether make sets $(MAKE)
configure:2874: result: yes
configure:3011: checking how to print strings
configure:3038: result: printf
configure:3071: checking for style of include used by make
configure:3099: result: GNU
configure:3169: checking for gcc
configure:3185: found /bin/gcc
configure:3196: result: gcc
configure:3425: checking for C compiler version
configure:3434: gcc --version >&5
gcc (GCC) 3.4.4 (msys special)
Copyright (C) 2004 Free Software Foundation, Inc.
This is free software; see the source for copying conditions.  There is NO
warranty; not even for MERCHANTABILITY or FITNESS FOR A PARTICULAR PURPOSE.

configure:3445: $? = 0
configure:3434: gcc -v >&5
Reading specs from /usr/lib/gcc/i686-pc-msys/3.4.4/specs
Configured with: /home/cstrauss/build/gcc3/gcc-3.4.4/configure --prefix=/usr --sysconfdir=/etc --localstatedir=/var --infodir=/share/info --mandir=/share/man --libexecdir=/lib --enable-languages=c,c++ --disable-nls --enable-threads=posix --enable-sjlj-exceptions --enable-hash-synchronization --enable-libstdcxx-debug --with-newlib
Thread model: posix
gcc version 3.4.4 (msys special)
configure:3445: $? = 0
configure:3434: gcc -V >&5
gcc: `-V' option must have argument
configure:3445: $? = 1
configure:3434: gcc -qversion >&5
gcc: unrecognized option `-qversion'
gcc: no input files
configure:3445: $? = 1
configure:3465: checking whether the C compiler works
configure:3487: gcc    conftest.c  >&5
configure:3491: $? = 0
configure:3539: result: yes
configure:3542: checking for C compiler default output file name
configure:3544: result: a.exe
configure:3550: checking for suffix of executables
configure:3557: gcc -o conftest.exe    conftest.c  >&5
configure:3561: $? = 0
configure:3583: result: .exe
configure:3605: checking whether we are cross compiling
configure:3613: gcc -o conftest.exe    conftest.c  >&5
configure:3617: $? = 0
configure:3624: ./conftest.exe
configure:3628: $? = 0
configure:3643: result: no
configure:3648: checking for suffix of object files
configure:3670: gcc -c   conftest.c >&5
configure:3674: $? = 0
configure:3695: result: o
configure:3699: checking whether we are using the GNU C compiler
configure:3718: gcc -c   conftest.c >&5
configure:3718: $? = 0
configure:3727: result: yes
configure:3736: checking whether gcc accepts -g
configure:3756: gcc -c -g  conftest.c >&5
configure:3756: $? = 0
configure:3797: result: yes
configure:3814: checking for gcc option to accept ISO C89
configure:3878: gcc  -c -g -O2  conftest.c >&5
configure:3878: $? = 0
configure:3891: result: none needed
configure:3913: checking dependency style of gcc
configure:4023: result: gcc3
configure:4038: checking for a sed that does not truncate output
configure:4102: result: /bin/sed
configure:4120: checking for grep that handles long lines and -e
configure:4178: result: /bin/grep
configure:4183: checking for egrep
configure:4245: result: /bin/grep -E
configure:4250: checking for fgrep
configure:4312: result: /bin/grep -F
configure:4347: checking for ld used by gcc
configure:4414: result: /bin/ld
configure:4421: checking if the linker (/bin/ld) is GNU ld
configure:4436: result: yes
configure:4448: checking for BSD- or MS-compatible name lister (nm)
configure:4497: result: /bin/nm -B
configure:4627: checking the name lister (/bin/nm -B) interface
configure:4634: gcc -c -g -O2  conftest.c >&5
configure:4637: /bin/nm -B "conftest.o"
configure:4640: output
00000000 b .bss
00000000 d .data
00000000 N .stab
00000000 N .stabstr
00000000 t .text
00000000 B _some_variable
configure:4647: result: BSD nm
configure:4650: checking whether ln -s works
configure:4657: result: no, using cp -p
configure:4662: checking the maximum length of command line arguments
configure:4787: result: 8192
configure:4804: checking whether the shell understands some XSI constructs
configure:4814: result: yes
configure:4818: checking whether the shell understands "+="
configure:4824: result: yes
configure:4859: checking how to convert i686-pc-mingw32 file names to i686-pc-mingw32 format
configure:4921: result: func_convert_file_msys_to_w32
configure:4928: checking how to convert i686-pc-mingw32 file names to toolchain format
configure:4948: result: func_convert_file_msys_to_w32
configure:4955: checking for /bin/ld option to reload object files
configure:4962: result: -r
configure:5036: checking for objdump
configure:5052: found /bin/objdump
configure:5063: result: objdump
configure:5095: checking how to recognize dependent libraries
configure:5297: result: file_magic ^x86 archive import|^x86 DLL
configure:5382: checking for dlltool
configure:5398: found /bin/dlltool
configure:5409: result: dlltool
configure:5442: checking how to associate runtime and link libraries
configure:5469: result: func_cygming_dll_for_implib
configure:5530: checking for ar
configure:5546: found /bin/ar
configure:5557: result: ar
configure:5594: checking for archiver @FILE support
configure:5611: gcc -c -g -O2  conftest.c >&5
configure:5611: $? = 0
configure:5614: ar cru libconftest.a @conftest.lst >&5
configure:5617: $? = 0
configure:5622: ar cru libconftest.a @conftest.lst >&5
ar: conftest.o: No such file or directory
configure:5625: $? = 1
configure:5637: result: @
configure:5695: checking for strip
configure:5711: found /bin/strip
configure:5722: result: strip
configure:5794: checking for ranlib
configure:5810: found /bin/ranlib
configure:5821: result: ranlib
configure:5923: checking command to parse /bin/nm -B output from gcc object
configure:6042: gcc -c -g -O2  conftest.c >&5
configure:6045: $? = 0
configure:6049: /bin/nm -B conftest.o \| sed -n -e 's/^.*[ ]\([ABCDGIRSTW][ABCDGIRSTW]*\)[ ][ ]*\([_A-Za-z][_A-Za-z0-9]*\)\{0,1\}$/\1 \2 \2/p' | sed '/ __gnu_lto/d' \> conftest.nm
configure:6052: $? = 0
cannot find nm_test_var in conftest.nm
configure:6042: gcc -c -g -O2  conftest.c >&5
configure:6045: $? = 0
configure:6049: /bin/nm -B conftest.o \| sed -n -e 's/^.*[ ]\([ABCDGIRSTW][ABCDGIRSTW]*\)[ ][ ]*_\([_A-Za-z][_A-Za-z0-9]*\)\{0,1\}$/\1 _\2 \2/p' | sed '/ __gnu_lto/d' \> conftest.nm
configure:6052: $? = 0
configure:6118: gcc -o conftest.exe -g -O2   conftest.c conftstm.o >&5
configure:6121: $? = 0
configure:6159: result: ok
configure:6196: checking for sysroot
configure:6226: result: no
configure:6469: checking for mt
configure:6499: result: no
configure:6519: checking if : is a manifest tool
configure:6525: : '-?'
configure:6533: result: no
configure:7165: checking how to run the C preprocessor
configure:7196: gcc -E  conftest.c
configure:7196: $? = 0
configure:7210: gcc -E  conftest.c
conftest.c:11:28: ac_nonexistent.h: No such file or directory
configure:7210: $? = 1
configure: failed program was:
| /* confdefs.h */
| #define PACKAGE_NAME "FULL-PACKAGE-NAME"
| #define PACKAGE_TARNAME "full-package-name"
| #define PACKAGE_VERSION "VERSION"
| #define PACKAGE_STRING "FULL-PACKAGE-NAME VERSION"
| #define PACKAGE_BUGREPORT "BUG-REPORT-ADDRESS"
| #define PACKAGE_URL ""
| #define PACKAGE "full-package-name"
| #define VERSION "VERSION"
| /* end confdefs.h.  */
| #include <ac_nonexistent.h>
configure:7235: result: gcc -E
configure:7255: gcc -E  conftest.c
configure:7255: $? = 0
configure:7269: gcc -E  conftest.c
conftest.c:11:28: ac_nonexistent.h: No such file or directory
configure:7269: $? = 1
configure: failed program was:
| /* confdefs.h */
| #define PACKAGE_NAME "FULL-PACKAGE-NAME"
| #define PACKAGE_TARNAME "full-package-name"
| #define PACKAGE_VERSION "VERSION"
| #define PACKAGE_STRING "FULL-PACKAGE-NAME VERSION"
| #define PACKAGE_BUGREPORT "BUG-REPORT-ADDRESS"
| #define PACKAGE_URL ""
| #define PACKAGE "full-package-name"
| #define VERSION "VERSION"
| /* end confdefs.h.  */
| #include <ac_nonexistent.h>
configure:7298: checking for ANSI C header files
configure:7318: gcc -c -g -O2  conftest.c >&5
configure:7318: $? = 0
configure:7391: gcc -o conftest.exe -g -O2   conftest.c  >&5
configure:7391: $? = 0
configure:7391: ./conftest.exe
configure:7391: $? = 0
configure:7402: result: yes
configure:7415: checking for sys/types.h
configure:7415: gcc -c -g -O2  conftest.c >&5
configure:7415: $? = 0
configure:7415: result: yes
configure:7415: checking for sys/stat.h
configure:7415: gcc -c -g -O2  conftest.c >&5
configure:7415: $? = 0
configure:7415: result: yes
configure:7415: checking for stdlib.h
configure:7415: gcc -c -g -O2  conftest.c >&5
configure:7415: $? = 0
configure:7415: result: yes
configure:7415: checking for string.h
configure:7415: gcc -c -g -O2  conftest.c >&5
configure:7415: $? = 0
configure:7415: result: yes
configure:7415: checking for memory.h
configure:7415: gcc -c -g -O2  conftest.c >&5
configure:7415: $? = 0
configure:7415: result: yes
configure:7415: checking for strings.h
configure:7415: gcc -c -g -O2  conftest.c >&5
configure:7415: $? = 0
configure:7415: result: yes
configure:7415: checking for inttypes.h
configure:7415: gcc -c -g -O2  conftest.c >&5
conftest.c:52:22: inttypes.h: No such file or directory
configure:7415: $? = 1
configure: failed program was:
| /* confdefs.h */
| #define PACKAGE_NAME "FULL-PACKAGE-NAME"
| #define PACKAGE_TARNAME "full-package-name"
| #define PACKAGE_VERSION "VERSION"
| #define PACKAGE_STRING "FULL-PACKAGE-NAME VERSION"
| #define PACKAGE_BUGREPORT "BUG-REPORT-ADDRESS"
| #define PACKAGE_URL ""
| #define PACKAGE "full-package-name"
| #define VERSION "VERSION"
| #define STDC_HEADERS 1
| #define HAVE_SYS_TYPES_H 1
| #define HAVE_SYS_STAT_H 1
| #define HAVE_STDLIB_H 1
| #define HAVE_STRING_H 1
| #define HAVE_MEMORY_H 1
| #define HAVE_STRINGS_H 1
| /* end confdefs.h.  */
| #include <stdio.h>
| #ifdef HAVE_SYS_TYPES_H
| # include <sys/types.h>
| #endif
| #ifdef HAVE_SYS_STAT_H
| # include <sys/stat.h>
| #endif
| #ifdef STDC_HEADERS
| # include <stdlib.h>
| # include <stddef.h>
| #else
| # ifdef HAVE_STDLIB_H
| #  include <stdlib.h>
| # endif
| #endif
| #ifdef HAVE_STRING_H
| # if !defined STDC_HEADERS && defined HAVE_MEMORY_H
| #  include <memory.h>
| # endif
| # include <string.h>
| #endif
| #ifdef HAVE_STRINGS_H
| # include <strings.h>
| #endif
| #ifdef HAVE_INTTYPES_H
| # include <inttypes.h>
| #endif
| #ifdef HAVE_STDINT_H
| # include <stdint.h>
| #endif
| #ifdef HAVE_UNISTD_H
| # include <unistd.h>
| #endif
| 
| #include <inttypes.h>
configure:7415: result: no
configure:7415: checking for stdint.h
configure:7415: gcc -c -g -O2  conftest.c >&5
conftest.c:52:20: stdint.h: No such file or directory
configure:7415: $? = 1
configure: failed program was:
| /* confdefs.h */
| #define PACKAGE_NAME "FULL-PACKAGE-NAME"
| #define PACKAGE_TARNAME "full-package-name"
| #define PACKAGE_VERSION "VERSION"
| #define PACKAGE_STRING "FULL-PACKAGE-NAME VERSION"
| #define PACKAGE_BUGREPORT "BUG-REPORT-ADDRESS"
| #define PACKAGE_URL ""
| #define PACKAGE "full-package-name"
| #define VERSION "VERSION"
| #define STDC_HEADERS 1
| #define HAVE_SYS_TYPES_H 1
| #define HAVE_SYS_STAT_H 1
| #define HAVE_STDLIB_H 1
| #define HAVE_STRING_H 1
| #define HAVE_MEMORY_H 1
| #define HAVE_STRINGS_H 1
| /* end confdefs.h.  */
| #include <stdio.h>
| #ifdef HAVE_SYS_TYPES_H
| # include <sys/types.h>
| #endif
| #ifdef HAVE_SYS_STAT_H
| # include <sys/stat.h>
| #endif
| #ifdef STDC_HEADERS
| # include <stdlib.h>
| # include <stddef.h>
| #else
| # ifdef HAVE_STDLIB_H
| #  include <stdlib.h>
| # endif
| #endif
| #ifdef HAVE_STRING_H
| # if !defined STDC_HEADERS && defined HAVE_MEMORY_H
| #  include <memory.h>
| # endif
| # include <string.h>
| #endif
| #ifdef HAVE_STRINGS_H
| # include <strings.h>
| #endif
| #ifdef HAVE_INTTYPES_H
| # include <inttypes.h>
| #endif
| #ifdef HAVE_STDINT_H
| # include <stdint.h>
| #endif
| #ifdef HAVE_UNISTD_H
| # include <unistd.h>
| #endif
| 
| #include <stdint.h>
configure:7415: result: no
configure:7415: checking for unistd.h
configure:7415: gcc -c -g -O2  conftest.c >&5
configure:7415: $? = 0
configure:7415: result: yes
configure:7429: checking for dlfcn.h
configure:7429: gcc -c -g -O2  conftest.c >&5
configure:7429: $? = 0
configure:7429: result: yes
configure:7616: checking for objdir
configure:7631: result: .libs
configure:7902: checking if gcc supports -fno-rtti -fno-exceptions
configure:7920: gcc -c -g -O2  -fno-rtti -fno-exceptions conftest.c >&5
cc1.exe: warning: command line option "-fno-rtti" is valid for C++/ObjC++ but not for C
configure:7924: $? = 0
configure:7937: result: no
configure:8247: checking for gcc option to produce PIC
configure:8254: result: -DDLL_EXPORT -DPIC
configure:8262: checking if gcc PIC flag -DDLL_EXPORT -DPIC works
configure:8280: gcc -c -g -O2  -DDLL_EXPORT -DPIC -DPIC conftest.c >&5
configure:8284: $? = 0
configure:8297: result: yes
configure:8326: checking if gcc static flag -static works
configure:8354: result: no
configure:8369: checking if gcc supports -c -o file.o
configure:8390: gcc -c -g -O2  -o out/conftest2.o conftest.c >&5
configure:8394: $? = 0
configure:8416: result: yes
configure:8424: checking if gcc supports -c -o file.o
configure:8471: result: yes
configure:8504: checking whether the gcc linker (/bin/ld) supports shared libraries
configure:9662: result: yes
configure:9699: checking whether -lc should be explicitly linked in
configure:9707: gcc -c -g -O2  conftest.c >&5
configure:9710: $? = 0
configure:9725: gcc -shared conftest.o  -v -o ./conftest -Wl,--enable-auto-image-base -Xlinker --out-implib -Xlinker conftest 2\>\&1 \| /bin/grep  -lc  \>/dev/null 2\>\&1
configure:9728: $? = 1
configure:9742: result: yes
configure:9907: checking dynamic linker characteristics
configure:10649: result: Win32 ld.exe
configure:10756: checking how to hardcode library paths into programs
configure:10781: result: immediate
configure:11321: checking whether stripping libraries is possible
configure:11326: result: yes
configure:11361: checking if libtool supports shared libraries
configure:11363: result: yes
configure:11366: checking whether to build shared libraries
configure:11387: result: yes
configure:11390: checking whether to build static libraries
configure:11394: result: yes
configure:11559: checking for as
configure:11575: found /bin/as
configure:11586: result: as
configure:11651: checking for dlltool
configure:11678: result: dlltool
configure:11743: checking for objdump
configure:11770: result: objdump
configure:11998: checking for g++
configure:12014: found /bin/g++
configure:12025: result: g++
configure:12052: checking for C++ compiler version
configure:12061: g++ --version >&5
g++ (GCC) 3.4.4 (msys special)
Copyright (C) 2004 Free Software Foundation, Inc.
This is free software; see the source for copying conditions.  There is NO
warranty; not even for MERCHANTABILITY or FITNESS FOR A PARTICULAR PURPOSE.

configure:12072: $? = 0
configure:12061: g++ -v >&5
Reading specs from /usr/lib/gcc/i686-pc-msys/3.4.4/specs
Configured with: /home/cstrauss/build/gcc3/gcc-3.4.4/configure --prefix=/usr --sysconfdir=/etc --localstatedir=/var --infodir=/share/info --mandir=/share/man --libexecdir=/lib --enable-languages=c,c++ --disable-nls --enable-threads=posix --enable-sjlj-exceptions --enable-hash-synchronization --enable-libstdcxx-debug --with-newlib
Thread model: posix
gcc version 3.4.4 (msys special)
configure:12072: $? = 0
configure:12061: g++ -V >&5
g++: `-V' option must have argument
configure:12072: $? = 1
configure:12061: g++ -qversion >&5
g++: unrecognized option `-qversion'
g++: no input files
configure:12072: $? = 1
configure:12076: checking whether we are using the GNU C++ compiler
configure:12095: g++ -c   conftest.cpp >&5
configure:12095: $? = 0
configure:12104: result: yes
configure:12113: checking whether g++ accepts -g
configure:12133: g++ -c -g  conftest.cpp >&5
configure:12133: $? = 0
configure:12174: result: yes
configure:12199: checking dependency style of g++
configure:12309: result: gcc3
configure:12342: checking how to run the C++ preprocessor
configure:12369: g++ -E  conftest.cpp
configure:12369: $? = 0
configure:12383: g++ -E  conftest.cpp
conftest.cpp:22:28: ac_nonexistent.h: No such file or directory
configure:12383: $? = 1
configure: failed program was:
| /* confdefs.h */
| #define PACKAGE_NAME "FULL-PACKAGE-NAME"
| #define PACKAGE_TARNAME "full-package-name"
| #define PACKAGE_VERSION "VERSION"
| #define PACKAGE_STRING "FULL-PACKAGE-NAME VERSION"
| #define PACKAGE_BUGREPORT "BUG-REPORT-ADDRESS"
| #define PACKAGE_URL ""
| #define PACKAGE "full-package-name"
| #define VERSION "VERSION"
| #define STDC_HEADERS 1
| #define HAVE_SYS_TYPES_H 1
| #define HAVE_SYS_STAT_H 1
| #define HAVE_STDLIB_H 1
| #define HAVE_STRING_H 1
| #define HAVE_MEMORY_H 1
| #define HAVE_STRINGS_H 1
| #define HAVE_UNISTD_H 1
| #define HAVE_DLFCN_H 1
| #define LT_OBJDIR ".libs/"
| #define _WIN32_WINNT 0x0501
| /* end confdefs.h.  */
| #include <ac_nonexistent.h>
configure:12408: result: g++ -E
configure:12428: g++ -E  conftest.cpp
configure:12428: $? = 0
configure:12442: g++ -E  conftest.cpp
conftest.cpp:22:28: ac_nonexistent.h: No such file or directory
configure:12442: $? = 1
configure: failed program was:
| /* confdefs.h */
| #define PACKAGE_NAME "FULL-PACKAGE-NAME"
| #define PACKAGE_TARNAME "full-package-name"
| #define PACKAGE_VERSION "VERSION"
| #define PACKAGE_STRING "FULL-PACKAGE-NAME VERSION"
| #define PACKAGE_BUGREPORT "BUG-REPORT-ADDRESS"
| #define PACKAGE_URL ""
| #define PACKAGE "full-package-name"
| #define VERSION "VERSION"
| #define STDC_HEADERS 1
| #define HAVE_SYS_TYPES_H 1
| #define HAVE_SYS_STAT_H 1
| #define HAVE_STDLIB_H 1
| #define HAVE_STRING_H 1
| #define HAVE_MEMORY_H 1
| #define HAVE_STRINGS_H 1
| #define HAVE_UNISTD_H 1
| #define HAVE_DLFCN_H 1
| #define LT_OBJDIR ".libs/"
| #define _WIN32_WINNT 0x0501
| /* end confdefs.h.  */
| #include <ac_nonexistent.h>
configure:12612: checking for ld used by g++
configure:12679: result: /bin/ld
configure:12686: checking if the linker (/bin/ld) is GNU ld
configure:12701: result: yes
configure:12756: checking whether the g++ linker (/bin/ld) supports shared libraries
configure:13760: result: yes
configure:13795: g++ -c -g -O2  conftest.cpp >&5
configure:13798: $? = 0
configure:14318: checking for g++ option to produce PIC
configure:14325: result: -DDLL_EXPORT -DPIC
configure:14333: checking if g++ PIC flag -DDLL_EXPORT -DPIC works
configure:14351: g++ -c -g -O2  -DDLL_EXPORT -DPIC -DPIC conftest.cpp >&5
configure:14355: $? = 0
configure:14368: result: yes
configure:14391: checking if g++ static flag -static works
configure:14419: result: no
configure:14431: checking if g++ supports -c -o file.o
configure:14452: g++ -c -g -O2  -o out/conftest2.o conftest.cpp >&5
configure:14456: $? = 0
configure:14478: result: yes
configure:14483: checking if g++ supports -c -o file.o
configure:14530: result: yes
configure:14560: checking whether the g++ linker (/bin/ld) supports shared libraries
configure:14594: result: yes
configure:14737: checking dynamic linker characteristics
configure:15412: result: Win32 ld.exe
configure:15465: checking how to hardcode library paths into programs
configure:15490: result: immediate
configure:15534: checking for gawk
configure:15561: result: gawk
configure:15620: checking for gcc
configure:15647: result: gcc
configure:15876: checking for C compiler version
configure:15885: gcc --version >&5
gcc (GCC) 3.4.4 (msys special)
Copyright (C) 2004 Free Software Foundation, Inc.
This is free software; see the source for copying conditions.  There is NO
warranty; not even for MERCHANTABILITY or FITNESS FOR A PARTICULAR PURPOSE.

configure:15896: $? = 0
configure:15885: gcc -v >&5
Reading specs from /usr/lib/gcc/i686-pc-msys/3.4.4/specs
Configured with: /home/cstrauss/build/gcc3/gcc-3.4.4/configure --prefix=/usr --sysconfdir=/etc --localstatedir=/var --infodir=/share/info --mandir=/share/man --libexecdir=/lib --enable-languages=c,c++ --disable-nls --enable-threads=posix --enable-sjlj-exceptions --enable-hash-synchronization --enable-libstdcxx-debug --with-newlib
Thread model: posix
gcc version 3.4.4 (msys special)
configure:15896: $? = 0
configure:15885: gcc -V >&5
gcc: `-V' option must have argument
configure:15896: $? = 1
configure:15885: gcc -qversion >&5
gcc: unrecognized option `-qversion'
gcc: no input files
configure:15896: $? = 1
configure:15900: checking whether we are using the GNU C compiler
configure:15928: result: yes
configure:15937: checking whether gcc accepts -g
configure:15998: result: yes
configure:16015: checking for gcc option to accept ISO C89
configure:16092: result: none needed
configure:16114: checking dependency style of gcc
configure:16224: result: gcc3
configure:16244: checking how to run the C preprocessor
configure:16314: result: gcc -E
configure:16334: gcc -E  conftest.c
configure:16334: $? = 0
configure:16348: gcc -E  conftest.c
conftest.c:22:28: ac_nonexistent.h: No such file or directory
configure:16348: $? = 1
configure: failed program was:
| /* confdefs.h */
| #define PACKAGE_NAME "FULL-PACKAGE-NAME"
| #define PACKAGE_TARNAME "full-package-name"
| #define PACKAGE_VERSION "VERSION"
| #define PACKAGE_STRING "FULL-PACKAGE-NAME VERSION"
| #define PACKAGE_BUGREPORT "BUG-REPORT-ADDRESS"
| #define PACKAGE_URL ""
| #define PACKAGE "full-package-name"
| #define VERSION "VERSION"
| #define STDC_HEADERS 1
| #define HAVE_SYS_TYPES_H 1
| #define HAVE_SYS_STAT_H 1
| #define HAVE_STDLIB_H 1
| #define HAVE_STRING_H 1
| #define HAVE_MEMORY_H 1
| #define HAVE_STRINGS_H 1
| #define HAVE_UNISTD_H 1
| #define HAVE_DLFCN_H 1
| #define LT_OBJDIR ".libs/"
| #define _WIN32_WINNT 0x0501
| /* end confdefs.h.  */
| #include <ac_nonexistent.h>
configure:16377: checking whether ln -s works
configure:16384: result: no, using cp -p
configure:16388: checking whether make sets $(MAKE)
configure:16410: result: yes
configure:16469: checking for gcc
configure:16496: result: gcc
configure:16725: checking for C compiler version
configure:16734: gcc --version >&5
gcc (GCC) 3.4.4 (msys special)
Copyright (C) 2004 Free Software Foundation, Inc.
This is free software; see the source for copying conditions.  There is NO
warranty; not even for MERCHANTABILITY or FITNESS FOR A PARTICULAR PURPOSE.

configure:16745: $? = 0
configure:16734: gcc -v >&5
Reading specs from /usr/lib/gcc/i686-pc-msys/3.4.4/specs
Configured with: /home/cstrauss/build/gcc3/gcc-3.4.4/configure --prefix=/usr --sysconfdir=/etc --localstatedir=/var --infodir=/share/info --mandir=/share/man --libexecdir=/lib --enable-languages=c,c++ --disable-nls --enable-threads=posix --enable-sjlj-exceptions --enable-hash-synchronization --enable-libstdcxx-debug --with-newlib
Thread model: posix
gcc version 3.4.4 (msys special)
configure:16745: $? = 0
configure:16734: gcc -V >&5
gcc: `-V' option must have argument
configure:16745: $? = 1
configure:16734: gcc -qversion >&5
gcc: unrecognized option `-qversion'
gcc: no input files
configure:16745: $? = 1
configure:16749: checking whether we are using the GNU C compiler
configure:16777: result: yes
configure:16786: checking whether gcc accepts -g
configure:16847: result: yes
configure:16864: checking for gcc option to accept ISO C89
configure:16941: result: none needed
configure:16963: checking dependency style of gcc
configure:17073: result: gcc3
configure:17093: checking for an ANSI C-conforming const
configure:17158: gcc -c -g -O2  conftest.c >&5
configure:17158: $? = 0
configure:17165: result: yes
configure:17181: checking for swig
configure:17199: found /usr/local/bin/swig
configure:17211: result: /usr/local/bin/swig
configure:17225: checking SWIG version
configure:17228: result: 2.0.9
configure:17277: checking for SWIG library
configure:17280: result: /usr/local/share/swig/2.0.9
configure:17388: checking for stdlib.h
configure:17388: result: yes
configure:17388: checking for string.h
configure:17388: result: yes
configure:17388: checking for unistd.h
configure:17388: result: yes
configure:17388: checking wchar.h usability
configure:17388: gcc -c -g -O2  -I/d/opt/nvapi-r334/nvapi-334 -I'/c/Program Files/Java/jdk1.6.0_45/include' -I'/c/Program Files/Java/jdk1.6.0_45/include/win32' -D_WIN32 -fms-extensions -std=c99 conftest.c >&5
gcc: Files/Java/jdk1.6.0_45/include': No such file or directory
gcc: Files/Java/jdk1.6.0_45/include/win32': No such file or directory
configure:17388: $? = 1
configure: failed program was:
| /* confdefs.h */
| #define PACKAGE_NAME "FULL-PACKAGE-NAME"
| #define PACKAGE_TARNAME "full-package-name"
| #define PACKAGE_VERSION "VERSION"
| #define PACKAGE_STRING "FULL-PACKAGE-NAME VERSION"
| #define PACKAGE_BUGREPORT "BUG-REPORT-ADDRESS"
| #define PACKAGE_URL ""
| #define PACKAGE "full-package-name"
| #define VERSION "VERSION"
| #define STDC_HEADERS 1
| #define HAVE_SYS_TYPES_H 1
| #define HAVE_SYS_STAT_H 1
| #define HAVE_STDLIB_H 1
| #define HAVE_STRING_H 1
| #define HAVE_MEMORY_H 1
| #define HAVE_STRINGS_H 1
| #define HAVE_UNISTD_H 1
| #define HAVE_DLFCN_H 1
| #define LT_OBJDIR ".libs/"
| #define _WIN32_WINNT 0x0501
| #define HAVE_STDLIB_H 1
| #define HAVE_STRING_H 1
| #define HAVE_UNISTD_H 1
| /* end confdefs.h.  */
| #include <stdio.h>
| #ifdef HAVE_SYS_TYPES_H
| # include <sys/types.h>
| #endif
| #ifdef HAVE_SYS_STAT_H
| # include <sys/stat.h>
| #endif
| #ifdef STDC_HEADERS
| # include <stdlib.h>
| # include <stddef.h>
| #else
| # ifdef HAVE_STDLIB_H
| #  include <stdlib.h>
| # endif
| #endif
| #ifdef HAVE_STRING_H
| # if !defined STDC_HEADERS && defined HAVE_MEMORY_H
| #  include <memory.h>
| # endif
| # include <string.h>
| #endif
| #ifdef HAVE_STRINGS_H
| # include <strings.h>
| #endif
| #ifdef HAVE_INTTYPES_H
| # include <inttypes.h>
| #endif
| #ifdef HAVE_STDINT_H
| # include <stdint.h>
| #endif
| #ifdef HAVE_UNISTD_H
| # include <unistd.h>
| #endif
| #include <wchar.h>
configure:17388: result: no
configure:17388: checking wchar.h presence
configure:17388: gcc -E  -I/d/opt/nvapi-r334/nvapi-334 -I'/c/Program Files/Java/jdk1.6.0_45/include' -I'/c/Program Files/Java/jdk1.6.0_45/include/win32' -D_WIN32 -fms-extensions -std=c99 conftest.c
gcc: Files/Java/jdk1.6.0_45/include': No such file or directory
gcc: Files/Java/jdk1.6.0_45/include/win32': No such file or directory
configure:17388: $? = 1
configure: failed program was:
| /* confdefs.h */
| #define PACKAGE_NAME "FULL-PACKAGE-NAME"
| #define PACKAGE_TARNAME "full-package-name"
| #define PACKAGE_VERSION "VERSION"
| #define PACKAGE_STRING "FULL-PACKAGE-NAME VERSION"
| #define PACKAGE_BUGREPORT "BUG-REPORT-ADDRESS"
| #define PACKAGE_URL ""
| #define PACKAGE "full-package-name"
| #define VERSION "VERSION"
| #define STDC_HEADERS 1
| #define HAVE_SYS_TYPES_H 1
| #define HAVE_SYS_STAT_H 1
| #define HAVE_STDLIB_H 1
| #define HAVE_STRING_H 1
| #define HAVE_MEMORY_H 1
| #define HAVE_STRINGS_H 1
| #define HAVE_UNISTD_H 1
| #define HAVE_DLFCN_H 1
| #define LT_OBJDIR ".libs/"
| #define _WIN32_WINNT 0x0501
| #define HAVE_STDLIB_H 1
| #define HAVE_STRING_H 1
| #define HAVE_UNISTD_H 1
| /* end confdefs.h.  */
| #include <wchar.h>
configure:17388: result: no
configure:17388: checking for wchar.h
configure:17388: result: no
configure:17404: checking for stdlib.h
configure:17404: result: yes
configure:17414: checking for GNU libc compatible malloc
configure:17438: gcc -o conftest.exe -g -O2  -I/d/opt/nvapi-r334/nvapi-334 -I'/c/Program Files/Java/jdk1.6.0_45/include' -I'/c/Program Files/Java/jdk1.6.0_45/include/win32' -D_WIN32 -fms-extensions -std=c99  -no-undefined conftest.c  >&5
gcc: Files/Java/jdk1.6.0_45/include': No such file or directory
gcc: Files/Java/jdk1.6.0_45/include/win32': No such file or directory
gcc: unrecognized option `-no-undefined'
configure:17438: $? = 1
configure: program exited with status 1
configure: failed program was:
| /* confdefs.h */
| #define PACKAGE_NAME "FULL-PACKAGE-NAME"
| #define PACKAGE_TARNAME "full-package-name"
| #define PACKAGE_VERSION "VERSION"
| #define PACKAGE_STRING "FULL-PACKAGE-NAME VERSION"
| #define PACKAGE_BUGREPORT "BUG-REPORT-ADDRESS"
| #define PACKAGE_URL ""
| #define PACKAGE "full-package-name"
| #define VERSION "VERSION"
| #define STDC_HEADERS 1
| #define HAVE_SYS_TYPES_H 1
| #define HAVE_SYS_STAT_H 1
| #define HAVE_STDLIB_H 1
| #define HAVE_STRING_H 1
| #define HAVE_MEMORY_H 1
| #define HAVE_STRINGS_H 1
| #define HAVE_UNISTD_H 1
| #define HAVE_DLFCN_H 1
| #define LT_OBJDIR ".libs/"
| #define _WIN32_WINNT 0x0501
| #define HAVE_STDLIB_H 1
| #define HAVE_STRING_H 1
| #define HAVE_UNISTD_H 1
| #define HAVE_STDLIB_H 1
| /* end confdefs.h.  */
| #if defined STDC_HEADERS || defined HAVE_STDLIB_H
| # include <stdlib.h>
| #else
| char *malloc ();
| #endif
| 
| int
| main ()
| {
| return ! malloc (0);
|   ;
|   return 0;
| }
configure:17448: result: no
configure:17612: creating ./config.status

## ---------------------- ##
## Running config.status. ##
## ---------------------- ##

This file was extended by FULL-PACKAGE-NAME config.status VERSION, which was
generated by GNU Autoconf 2.68.  Invocation command line was

  CONFIG_FILES    = 
  CONFIG_HEADERS  = 
  CONFIG_LINKS    = 
  CONFIG_COMMANDS = 
  $ ./config.status 

on AsusNBA

config.status:1192: creating Makefile
config.status:1192: creating libcfg/Makefile
config.status:1192: creating swig/Makefile
config.status:1192: creating src/Makefile
config.status:1192: creating config.h
config.status:1358: config.h is unchanged
config.status:1406: executing depfiles commands
config.status:1406: executing libtool commands

## ---------------- ##
## Cache variables. ##
## ---------------- ##

ac_cv_build=i686-pc-mingw32
ac_cv_c_compiler_gnu=yes
ac_cv_c_const=yes
ac_cv_cxx_compiler_gnu=yes
ac_cv_env_CCC_set=
ac_cv_env_CCC_value=
ac_cv_env_CC_set=
ac_cv_env_CC_value=
ac_cv_env_CFLAGS_set=
ac_cv_env_CFLAGS_value=
ac_cv_env_CPPFLAGS_set=
ac_cv_env_CPPFLAGS_value=
ac_cv_env_CPP_set=
ac_cv_env_CPP_value=
ac_cv_env_CXXCPP_set=
ac_cv_env_CXXCPP_value=
ac_cv_env_CXXFLAGS_set=
ac_cv_env_CXXFLAGS_value=
ac_cv_env_CXX_set=
ac_cv_env_CXX_value=
ac_cv_env_LDFLAGS_set=
ac_cv_env_LDFLAGS_value=
ac_cv_env_LIBS_set=
ac_cv_env_LIBS_value=
ac_cv_env_build_alias_set=
ac_cv_env_build_alias_value=
ac_cv_env_host_alias_set=
ac_cv_env_host_alias_value=
ac_cv_env_target_alias_set=
ac_cv_env_target_alias_value=
ac_cv_exeext=.exe
ac_cv_func_malloc_0_nonnull=no
ac_cv_header_dlfcn_h=yes
ac_cv_header_inttypes_h=no
ac_cv_header_memory_h=yes
ac_cv_header_stdc=yes
ac_cv_header_stdint_h=no
ac_cv_header_stdlib_h=yes
ac_cv_header_string_h=yes
ac_cv_header_strings_h=yes
ac_cv_header_sys_stat_h=yes
ac_cv_header_sys_types_h=yes
ac_cv_header_unistd_h=yes
ac_cv_header_wchar_h=no
ac_cv_host=i686-pc-mingw32
ac_cv_objext=o
ac_cv_path_EGREP='/bin/grep -E'
ac_cv_path_FGREP='/bin/grep -F'
ac_cv_path_GREP=/bin/grep
ac_cv_path_SED=/bin/sed
ac_cv_path_SWIG=/usr/local/bin/swig
ac_cv_path_install='/bin/install -c'
ac_cv_path_mkdir=/bin/mkdir
ac_cv_prog_AWK=gawk
ac_cv_prog_CPP='gcc -E'
ac_cv_prog_CXXCPP='g++ -E'
ac_cv_prog_ac_ct_AR=ar
ac_cv_prog_ac_ct_AS=as
ac_cv_prog_ac_ct_CC=gcc
ac_cv_prog_ac_ct_CXX=g++
ac_cv_prog_ac_ct_DLLTOOL=dlltool
ac_cv_prog_ac_ct_OBJDUMP=objdump
ac_cv_prog_ac_ct_RANLIB=ranlib
ac_cv_prog_ac_ct_STRIP=strip
ac_cv_prog_cc_c89=
ac_cv_prog_cc_g=yes
ac_cv_prog_cxx_g=yes
ac_cv_prog_make_make_set=yes
ac_cv_target=i686-pc-mingw32
am_cv_CC_dependencies_compiler_type=gcc3
am_cv_CXX_dependencies_compiler_type=gcc3
am_cv_prog_cc_stdc=
lt_cv_ar_at_file=@
lt_cv_archive_cmds_need_lc=yes
lt_cv_deplibs_check_method='file_magic ^x86 archive import|^x86 DLL'
lt_cv_file_magic_cmd=func_win32_libid
lt_cv_file_magic_test_file=
lt_cv_ld_reload_flag=-r
lt_cv_nm_interface='BSD nm'
lt_cv_objdir=.libs
lt_cv_path_LD=/bin/ld
lt_cv_path_LDCXX=/bin/ld
lt_cv_path_NM='/bin/nm -B'
lt_cv_path_mainfest_tool=no
lt_cv_prog_compiler_c_o=yes
lt_cv_prog_compiler_c_o_CXX=yes
lt_cv_prog_compiler_pic='-DDLL_EXPORT -DPIC'
lt_cv_prog_compiler_pic_CXX='-DDLL_EXPORT -DPIC'
lt_cv_prog_compiler_pic_works=yes
lt_cv_prog_compiler_pic_works_CXX=yes
lt_cv_prog_compiler_rtti_exceptions=no
lt_cv_prog_compiler_static_works=no
lt_cv_prog_compiler_static_works_CXX=no
lt_cv_prog_gnu_ld=yes
lt_cv_prog_gnu_ldcxx=yes
lt_cv_sharedlib_from_linklib_cmd=func_cygming_dll_for_implib
lt_cv_sys_global_symbol_pipe='sed -n -e '\''s/^.*[	 ]\([ABCDGIRSTW][ABCDGIRSTW]*\)[	 ][	 ]*_\([_A-Za-z][_A-Za-z0-9]*\)\{0,1\}$/\1 _\2 \2/p'\'' | sed '\''/ __gnu_lto/d'\'''
lt_cv_sys_global_symbol_to_c_name_address='sed -n -e '\''s/^: \([^ ]*\)[ ]*$/  {\"\1\", (void *) 0},/p'\'' -e '\''s/^[ABCDGIRSTW]* \([^ ]*\) \([^ ]*\)$/  {"\2", (void *) \&\2},/p'\'''
lt_cv_sys_global_symbol_to_c_name_address_lib_prefix='sed -n -e '\''s/^: \([^ ]*\)[ ]*$/  {\"\1\", (void *) 0},/p'\'' -e '\''s/^[ABCDGIRSTW]* \([^ ]*\) \(lib[^ ]*\)$/  {"\2", (void *) \&\2},/p'\'' -e '\''s/^[ABCDGIRSTW]* \([^ ]*\) \([^ ]*\)$/  {"lib\2", (void *) \&\2},/p'\'''
lt_cv_sys_global_symbol_to_cdecl='sed -n -e '\''s/^T .* \(.*\)$/extern int \1();/p'\'' -e '\''s/^[ABCDGIRSTW]* .* \(.*\)$/extern char \1;/p'\'''
lt_cv_sys_max_cmd_len=8192
lt_cv_to_host_file_cmd=func_convert_file_msys_to_w32
lt_cv_to_tool_file_cmd=func_convert_file_msys_to_w32

## ----------------- ##
## Output variables. ##
## ----------------- ##

ACLOCAL='${SHELL} /d/Users/Ralph/git/WarpCTL/extra/JNVAPI/missing --run aclocal-1.11'
AMDEPBACKSLASH='\'
AMDEP_FALSE='#'
AMDEP_TRUE=''
AMTAR='${SHELL} /d/Users/Ralph/git/WarpCTL/extra/JNVAPI/missing --run tar'
AM_CXXFLAGS=' -I/d/opt/nvapi-r334/nvapi-334 -I/c/Program Files/Java/jdk1.6.0_45/include'
AR='ar'
AS='as'
AUTOCONF='${SHELL} /d/Users/Ralph/git/WarpCTL/extra/JNVAPI/missing --run autoconf'
AUTOHEADER='${SHELL} /d/Users/Ralph/git/WarpCTL/extra/JNVAPI/missing --run autoheader'
AUTOMAKE='${SHELL} /d/Users/Ralph/git/WarpCTL/extra/JNVAPI/missing --run automake-1.11'
AWK='gawk'
CC='gcc'
CCDEPMODE='depmode=gcc3'
CFLAGS='-g -O2'
CPP='gcc -E'
CPPFLAGS=' -I/d/opt/nvapi-r334/nvapi-334 -I'\''/c/Program Files/Java/jdk1.6.0_45/include'\'' -I'\''/c/Program Files/Java/jdk1.6.0_45/include/win32'\'' -D_WIN32 -fms-extensions -std=c99'
CXX='g++'
CXXCPP='g++ -E'
CXXDEPMODE='depmode=gcc3'
CXXFLAGS='-g -O2'
CYGPATH_W='echo'
DEFS='-DHAVE_CONFIG_H'
DEPDIR='.deps'
DLLTOOL='dlltool'
DSYMUTIL=''
DUMPBIN=''
ECHO_C=''
ECHO_N='-n'
ECHO_T=''
EGREP='/bin/grep -E'
EXEEXT='.exe'
FGREP='/bin/grep -F'
GREP='/bin/grep'
INSTALL_DATA='${INSTALL} -m 644'
INSTALL_PROGRAM='${INSTALL}'
INSTALL_SCRIPT='${INSTALL}'
INSTALL_STRIP_PROGRAM='$(install_sh) -c -s'
JAVA_HOME='/c/Program Files/Java/jdk1.6.0_45'
LD='/bin/ld'
LDFLAGS=' -no-undefined'
LIB2A='/d/opt/LIB2A-2.0/LIB2A/'
LIBOBJS=' ${LIBOBJDIR}malloc$U.o'
LIBS=''
LIBTOOL='$(SHELL) $(top_builddir)/libtool'
LIPO=''
LN_S='cp -p'
LTLIBOBJS=' ${LIBOBJDIR}malloc$U.lo'
MAKEINFO='${SHELL} /d/Users/Ralph/git/WarpCTL/extra/JNVAPI/missing --run makeinfo'
MANIFEST_TOOL=':'
MKDIR_P='/bin/mkdir -p'
NM='/bin/nm -B'
NMEDIT=''
NVAPI='/d/opt/nvapi-r334/nvapi-334'
OBJDUMP='objdump'
OBJEXT='o'
OTOOL64=''
OTOOL=''
PACKAGE='full-package-name'
PACKAGE_BUGREPORT='BUG-REPORT-ADDRESS'
PACKAGE_NAME='FULL-PACKAGE-NAME'
PACKAGE_STRING='FULL-PACKAGE-NAME VERSION'
PACKAGE_TARNAME='full-package-name'
PACKAGE_URL=''
PACKAGE_VERSION='VERSION'
PATH_SEPARATOR=':'
RANLIB='ranlib'
SED='/bin/sed'
SET_MAKE=''
SHELL='/bin/sh'
STRIP='strip'
SWIG='/usr/local/bin/swig'
SWIG_LIB='/usr/local/share/swig/2.0.9'
SWIG_PLATFORM_ARGS='-I'\''/c/Program Files/Java/jdk1.6.0_45/include/win32'\'' -D_WIN32'
VERSION='VERSION'
ac_ct_AR='ar'
ac_ct_CC='gcc'
ac_ct_CXX='g++'
ac_ct_DUMPBIN=''
am__EXEEXT_FALSE='#'
am__EXEEXT_TRUE=''
am__fastdepCC_FALSE='#'
am__fastdepCC_TRUE=''
am__fastdepCXX_FALSE='#'
am__fastdepCXX_TRUE=''
am__include='include'
am__isrc=' -I$(srcdir)'
am__leading_dot='.'
am__quote=''
am__tar='${AMTAR} chof - "$$tardir"'
am__untar='${AMTAR} xf -'
bindir='${exec_prefix}/bin'
build='i686-pc-mingw32'
build_alias=''
build_cpu='i686'
build_os='mingw32'
build_vendor='pc'
datadir='${datarootdir}'
datarootdir='${prefix}/share'
docdir='${datarootdir}/doc/${PACKAGE_TARNAME}'
dvidir='${docdir}'
exec_prefix='${prefix}'
host='i686-pc-mingw32'
host_alias=''
host_cpu='i686'
host_os='mingw32'
host_vendor='pc'
htmldir='${docdir}'
includedir='${prefix}/include'
infodir='${datarootdir}/info'
install_sh='${SHELL} /d/Users/Ralph/git/WarpCTL/extra/JNVAPI/install-sh'
libdir='${exec_prefix}/lib'
libexecdir='${exec_prefix}/libexec'
localedir='${datarootdir}/locale'
localstatedir='${prefix}/var'
mandir='${datarootdir}/man'
mkdir_p='/bin/mkdir -p'
oldincludedir='/usr/include'
pdfdir='${docdir}'
prefix='/usr'
program_transform_name='s,x,x,'
psdir='${docdir}'
sbindir='${exec_prefix}/sbin'
sharedstatedir='${prefix}/com'
sysconfdir='${prefix}/etc'
target='i686-pc-mingw32'
target_alias=''
target_cpu='i686'
target_os='mingw32'
target_vendor='pc'

## ----------- ##
## confdefs.h. ##
## ----------- ##

/* confdefs.h */
#define PACKAGE_NAME "FULL-PACKAGE-NAME"
#define PACKAGE_TARNAME "full-package-name"
#define PACKAGE_VERSION "VERSION"
#define PACKAGE_STRING "FULL-PACKAGE-NAME VERSION"
#define PACKAGE_BUGREPORT "BUG-REPORT-ADDRESS"
#define PACKAGE_URL ""
#define PACKAGE "full-package-name"
#define VERSION "VERSION"
#define STDC_HEADERS 1
#define HAVE_SYS_TYPES_H 1
#define HAVE_SYS_STAT_H 1
#define HAVE_STDLIB_H 1
#define HAVE_STRING_H 1
#define HAVE_MEMORY_H 1
#define HAVE_STRINGS_H 1
#define HAVE_UNISTD_H 1
#define HAVE_DLFCN_H 1
#define LT_OBJDIR ".libs/"
#define _WIN32_WINNT 0x0501
#define HAVE_STDLIB_H 1
#define HAVE_STRING_H 1
#define HAVE_UNISTD_H 1
#define HAVE_STDLIB_H 1
#define HAVE_MALLOC 0
#define malloc rpl_malloc

configure: exit 0

## ---------------------- ##
## Running config.status. ##
## ---------------------- ##

This file was extended by FULL-PACKAGE-NAME config.status VERSION, which was
generated by GNU Autoconf 2.68.  Invocation command line was

  CONFIG_FILES    = 
  CONFIG_HEADERS  = 
  CONFIG_LINKS    = 
  CONFIG_COMMANDS = 
  $ ./config.status config.h

on AsusNBA

config.status:1192: creating config.h
config.status:1358: config.h is unchanged
