Making clean in src
make[1]: Entering directory `/d/Users/Ralph/git/WarpCTL/extra/JNVML/build/src'
test -z "libjnvml.la " || rm -f libjnvml.la 
rm -f "./so_locations"
rm -rf .libs _libs
rm -f *.o
rm -f *.lo
make[1]: Leaving directory `/d/Users/Ralph/git/WarpCTL/extra/JNVML/build/src'
Making clean in swig
make[1]: Entering directory `/d/Users/Ralph/git/WarpCTL/extra/JNVML/build/swig'
test -z "jnvml_wrap.c" || rm -f jnvml_wrap.c
rm -rf .libs _libs
test -z "libjnvml_wrap.la" || rm -f libjnvml_wrap.la
rm -f "./so_locations"
rm -f *.o
rm -f *.lo
make[1]: Leaving directory `/d/Users/Ralph/git/WarpCTL/extra/JNVML/build/swig'
Making clean in win
make[1]: Entering directory `/d/Users/Ralph/git/WarpCTL/extra/JNVML/build/win'
rm -rf .libs _libs
test -z "libnvml.a" || rm -f libnvml.a
rm -f *.o
rm -f *.lo
make[1]: Leaving directory `/d/Users/Ralph/git/WarpCTL/extra/JNVML/build/win'
Making clean in .
make[1]: Entering directory `/d/Users/Ralph/git/WarpCTL/extra/JNVML/build'
rm -rf .libs _libs
rm -f *.lo
make[1]: Leaving directory `/d/Users/Ralph/git/WarpCTL/extra/JNVML/build'
configure: WARNING: if you wanted to set the --build type, don't use --host.
    If a cross compiler is detected then cross compile mode will be used
checking build system type... i686-pc-mingw32
checking host system type... x86_64-w64-mingw32
checking target system type... x86_64-w64-mingw32
checking for a BSD-compatible install... /bin/install -c
checking whether build environment is sane... yes
checking for x86_64-w64-mingw32-strip... no
checking for strip... strip
checking for a thread-safe mkdir -p... /bin/mkdir -p
checking for gawk... gawk
checking whether make sets $(MAKE)... yes
checking how to print strings... printf
checking for style of include used by make... GNU
checking for x86_64-w64-mingw32-gcc... x86_64-w64-mingw32-gcc
checking whether the C compiler works... yes
checking for C compiler default output file name... a.exe
checking for suffix of executables... .exe
checking whether we are cross compiling... no
checking for suffix of object files... o
checking whether we are using the GNU C compiler... yes
checking whether x86_64-w64-mingw32-gcc accepts -g... yes
checking for x86_64-w64-mingw32-gcc option to accept ISO C89... none needed
checking dependency style of x86_64-w64-mingw32-gcc... gcc3
checking for a sed that does not truncate output... /bin/sed
checking for grep that handles long lines and -e... /bin/grep
checking for egrep... /bin/grep -E
checking for fgrep... /bin/grep -F
checking for ld used by x86_64-w64-mingw32-gcc... d:/mingw64/mingw64/x86_64-w64-mingw32/bin/ld.exe
checking if the linker (d:/mingw64/mingw64/x86_64-w64-mingw32/bin/ld.exe) is GNU ld... yes
checking for BSD- or MS-compatible name lister (nm)... no
checking for x86_64-w64-mingw32-dumpbin... no
checking for x86_64-w64-mingw32-link... no
checking for dumpbin... no
checking for link... link -dump
checking the name lister (nm) interface... BSD nm
checking whether ln -s works... no, using cp -p
checking the maximum length of command line arguments... 8192
checking whether the shell understands some XSI constructs... yes
checking whether the shell understands "+="... yes
checking how to convert i686-pc-mingw32 file names to x86_64-w64-mingw32 format... func_convert_file_msys_to_w32
checking how to convert i686-pc-mingw32 file names to toolchain format... func_convert_file_msys_to_w32
checking for d:/mingw64/mingw64/x86_64-w64-mingw32/bin/ld.exe option to reload object files... -r
checking for x86_64-w64-mingw32-objdump... no
checking for objdump... objdump
checking how to recognize dependent libraries... file_magic ^x86 archive import|^x86 DLL
checking for x86_64-w64-mingw32-dlltool... no
checking for dlltool... dlltool
checking how to associate runtime and link libraries... func_cygming_dll_for_implib
checking for x86_64-w64-mingw32-ar... no
checking for ar... ar
checking for archiver @FILE support... @
checking for x86_64-w64-mingw32-strip... strip
checking for x86_64-w64-mingw32-ranlib... no
checking for ranlib... ranlib
checking command to parse nm output from x86_64-w64-mingw32-gcc object... ok
checking for sysroot... no
checking for x86_64-w64-mingw32-mt... no
checking for mt... no
checking if : is a manifest tool... no
checking how to run the C preprocessor... x86_64-w64-mingw32-gcc -E
checking for ANSI C header files... yes
checking for sys/types.h... yes
checking for sys/stat.h... yes
checking for stdlib.h... yes
checking for string.h... yes
checking for memory.h... yes
checking for strings.h... yes
checking for inttypes.h... yes
checking for stdint.h... yes
checking for unistd.h... yes
checking for dlfcn.h... no
checking for objdir... .libs
checking if x86_64-w64-mingw32-gcc supports -fno-rtti -fno-exceptions... no
checking for x86_64-w64-mingw32-gcc option to produce PIC... -DDLL_EXPORT -DPIC
checking if x86_64-w64-mingw32-gcc PIC flag -DDLL_EXPORT -DPIC works... yes
checking if x86_64-w64-mingw32-gcc static flag -static works... yes
checking if x86_64-w64-mingw32-gcc supports -c -o file.o... yes
checking if x86_64-w64-mingw32-gcc supports -c -o file.o... (cached) yes
checking whether the x86_64-w64-mingw32-gcc linker (d:/mingw64/mingw64/x86_64-w64-mingw32/bin/ld.exe) supports shared libraries... yes
checking whether -lc should be explicitly linked in... yes
checking dynamic linker characteristics... Win32 ld.exe
checking how to hardcode library paths into programs... immediate
checking whether stripping libraries is possible... yes
checking if libtool supports shared libraries... yes
checking whether to build shared libraries... yes
checking whether to build static libraries... yes
checking for x86_64-w64-mingw32-as... no
checking for as... as
checking for x86_64-w64-mingw32-dlltool... dlltool
checking for x86_64-w64-mingw32-objdump... objdump
checking for x86_64-w64-mingw32-g++... x86_64-w64-mingw32-g++
checking whether we are using the GNU C++ compiler... yes
checking whether x86_64-w64-mingw32-g++ accepts -g... yes
checking dependency style of x86_64-w64-mingw32-g++... gcc3
checking how to run the C++ preprocessor... x86_64-w64-mingw32-g++ -E
checking for ld used by x86_64-w64-mingw32-g++... d:/mingw64/mingw64/x86_64-w64-mingw32/bin/ld.exe
checking if the linker (d:/mingw64/mingw64/x86_64-w64-mingw32/bin/ld.exe) is GNU ld... yes
checking whether the x86_64-w64-mingw32-g++ linker (d:/mingw64/mingw64/x86_64-w64-mingw32/bin/ld.exe) supports shared libraries... yes
checking for x86_64-w64-mingw32-g++ option to produce PIC... -DDLL_EXPORT -DPIC
checking if x86_64-w64-mingw32-g++ PIC flag -DDLL_EXPORT -DPIC works... yes
checking if x86_64-w64-mingw32-g++ static flag -static works... yes
checking if x86_64-w64-mingw32-g++ supports -c -o file.o... yes
checking if x86_64-w64-mingw32-g++ supports -c -o file.o... (cached) yes
checking whether the x86_64-w64-mingw32-g++ linker (d:/mingw64/mingw64/x86_64-w64-mingw32/bin/ld.exe) supports shared libraries... yes
checking dynamic linker characteristics... Win32 ld.exe
checking how to hardcode library paths into programs... immediate
checking for gawk... (cached) gawk
checking for x86_64-w64-mingw32-gcc... (cached) x86_64-w64-mingw32-gcc
checking whether we are using the GNU C compiler... (cached) yes
checking whether x86_64-w64-mingw32-gcc accepts -g... (cached) yes
checking for x86_64-w64-mingw32-gcc option to accept ISO C89... (cached) none needed
checking dependency style of x86_64-w64-mingw32-gcc... (cached) gcc3
checking how to run the C preprocessor... x86_64-w64-mingw32-gcc -E
checking whether ln -s works... no, using cp -p
checking whether make sets $(MAKE)... (cached) yes
checking for x86_64-w64-mingw32-gcc... (cached) x86_64-w64-mingw32-gcc
checking whether we are using the GNU C compiler... (cached) yes
checking whether x86_64-w64-mingw32-gcc accepts -g... (cached) yes
checking for x86_64-w64-mingw32-gcc option to accept ISO C89... (cached) none needed
checking dependency style of x86_64-w64-mingw32-gcc... (cached) gcc3
checking for an ANSI C-conforming const... yes
checking for swig... /usr/local/bin/swig
checking SWIG version... 3.0.0
checking for SWIG library... D:/msys64/local/share/swig/3.0.0
checking for stdlib.h... (cached) yes
checking for string.h... (cached) yes
checking for unistd.h... (cached) yes
checking wchar.h usability... no
checking wchar.h presence... no
checking for wchar.h... no
checking for stdlib.h... (cached) yes
checking for GNU libc compatible malloc... no
configure: creating ./config.status
config.status: creating Makefile
config.status: creating win/Makefile
config.status: creating swig/Makefile
config.status: creating src/Makefile
config.status: creating config.h
config.status: config.h is unchanged
config.status: executing depfiles commands
config.status: executing libtool commands
make  all-recursive
make[1]: Entering directory `/d/Users/Ralph/git/WarpCTL/extra/JNVML/build'
Making all in win
make[2]: Entering directory `/d/Users/Ralph/git/WarpCTL/extra/JNVML/build/win'
/d/opt/LIB2A-2.0/LIB2A//bin/dlltool.exe -d nvml.def -D /nvml.dll -k -l libnvml.a
d:\opt\LIB2A-2.0\LIB2A\bin\dlltool.exe: Path components stripped from dllname, 'D:/msys64/nvml.dll'.
make[2]: Leaving directory `/d/Users/Ralph/git/WarpCTL/extra/JNVML/build/win'
Making all in swig
make[2]: Entering directory `/d/Users/Ralph/git/WarpCTL/extra/JNVML/build/swig'
mkdir -p ../java/src/com/vnetpublishing/swig/nvml && /usr/local/bin/swig -v -java -package com.vnetpublishing.swig.nvml -I'/c/Program Files/Java/jdk1.6.0_45/include/win32' -I"/d/opt/gdk_332.85_release/gdk_wddm_amd64_release/nvml/include" -I"/c/Program Files/Java/jdk1.6.0_45/include" -I../../include  -outdir ../java/src/com/vnetpublishing/swig/nvml -o jnvml_wrap.c ../../swig/jnvml.i
Language subdirectory: java
Search paths:
   .\
   c:/Program Files/Java/jdk1.6.0_45/include/win32\
   d:/opt/gdk_332.85_release/gdk_wddm_amd64_release/nvml/include\
   c:/Program Files/Java/jdk1.6.0_45/include\
   ../../include\
   .\swig_lib\java\
   D:/msys64/local/share/swig/3.0.0\java\
   D:\msys64\local\bin\Lib\java\
   .\swig_lib\
   D:/msys64/local/share/swig/3.0.0\
   D:\msys64\local\bin\Lib\
Preprocessing...
Starting language-specific parse...
Processing unnamed structs...
Processing types...
C++ analysis...
Generating wrappers...
depbase=`echo jnvml_wrap.lo | sed 's|[^/]*$|.deps/&|;s|\.lo$||'`;\
	/bin/sh ../libtool --tag=CC   --mode=compile x86_64-w64-mingw32-gcc -DHAVE_CONFIG_H -I. -I../../swig -I..  -I../../include -I/d/opt/gdk_332.85_release/gdk_wddm_amd64_release/nvml/include -I'/c/Program Files/Java/jdk1.6.0_45/include' -I'/c/Program Files/Java/jdk1.6.0_45/include/win32'  -g -O2 -MT jnvml_wrap.lo -MD -MP -MF $depbase.Tpo -c -o jnvml_wrap.lo jnvml_wrap.c &&\
	mv -f $depbase.Tpo $depbase.Plo
libtool: compile:  x86_64-w64-mingw32-gcc -DHAVE_CONFIG_H -I. -I../../swig -I.. -I../../include -I/d/opt/gdk_332.85_release/gdk_wddm_amd64_release/nvml/include "-I/c/Program Files/Java/jdk1.6.0_45/include" "-I/c/Program Files/Java/jdk1.6.0_45/include/win32" -g -O2 -MT jnvml_wrap.lo -MD -MP -MF .deps/jnvml_wrap.Tpo -c jnvml_wrap.c  -DDLL_EXPORT -DPIC -o .libs/jnvml_wrap.o
libtool: compile:  x86_64-w64-mingw32-gcc -DHAVE_CONFIG_H -I. -I../../swig -I.. -I../../include -I/d/opt/gdk_332.85_release/gdk_wddm_amd64_release/nvml/include "-I/c/Program Files/Java/jdk1.6.0_45/include" "-I/c/Program Files/Java/jdk1.6.0_45/include/win32" -g -O2 -MT jnvml_wrap.lo -MD -MP -MF .deps/jnvml_wrap.Tpo -c jnvml_wrap.c -o jnvml_wrap.o >/dev/null 2>&1
/bin/sh ../libtool --tag=CC   --mode=link x86_64-w64-mingw32-gcc  -g -O2  -no-undefined -o libjnvml_wrap.la  jnvml_wrap.lo   
libtool: link: ar cru .libs/libjnvml_wrap.a .libs/jnvml_wrap.o 
libtool: link: ranlib .libs/libjnvml_wrap.a
libtool: link: ( cd ".libs" && rm -f "libjnvml_wrap.la" && cp -p "../libjnvml_wrap.la" "libjnvml_wrap.la" )
make[2]: Leaving directory `/d/Users/Ralph/git/WarpCTL/extra/JNVML/build/swig'
Making all in src
make[2]: Entering directory `/d/Users/Ralph/git/WarpCTL/extra/JNVML/build/src'
depbase=`echo jnvml.lo | sed 's|[^/]*$|.deps/&|;s|\.lo$||'`;\
	/bin/sh ../libtool --tag=CC   --mode=compile x86_64-w64-mingw32-gcc -DHAVE_CONFIG_H -I. -I../../src -I..  -I../../include -I/d/opt/gdk_332.85_release/gdk_wddm_amd64_release/nvml/include -I'/c/Program Files/Java/jdk1.6.0_45/include' -I'/c/Program Files/Java/jdk1.6.0_45/include/win32'  -g -O2 -MT jnvml.lo -MD -MP -MF $depbase.Tpo -c -o jnvml.lo ../../src/jnvml.c &&\
	mv -f $depbase.Tpo $depbase.Plo
libtool: compile:  x86_64-w64-mingw32-gcc -DHAVE_CONFIG_H -I. -I../../src -I.. -I../../include -I/d/opt/gdk_332.85_release/gdk_wddm_amd64_release/nvml/include "-I/c/Program Files/Java/jdk1.6.0_45/include" "-I/c/Program Files/Java/jdk1.6.0_45/include/win32" -g -O2 -MT jnvml.lo -MD -MP -MF .deps/jnvml.Tpo -c ../../src/jnvml.c  -DDLL_EXPORT -DPIC -o .libs/jnvml.o
libtool: compile:  x86_64-w64-mingw32-gcc -DHAVE_CONFIG_H -I. -I../../src -I.. -I../../include -I/d/opt/gdk_332.85_release/gdk_wddm_amd64_release/nvml/include "-I/c/Program Files/Java/jdk1.6.0_45/include" "-I/c/Program Files/Java/jdk1.6.0_45/include/win32" -g -O2 -MT jnvml.lo -MD -MP -MF .deps/jnvml.Tpo -c ../../src/jnvml.c -o jnvml.o >/dev/null 2>&1
/bin/sh ../libtool --tag=CC   --mode=link x86_64-w64-mingw32-gcc  -g -O2 -lnvml -L/d/Users/Ralph/git/WarpCTL/extra/JNVML/build/win -no-undefined -o libjnvml.la -rpath /usr/lib jnvml.lo ../swig/libjnvml_wrap.la 
libtool: link: x86_64-w64-mingw32-gcc -shared  .libs/jnvml.o  -Wl,--whole-archive ../swig/.libs/libjnvml_wrap.a -Wl,--no-whole-archive  -lnvml -L/d/Users/Ralph/git/WarpCTL/extra/JNVML/build/win  -O2   -o .libs/libjnvml-0.dll -Wl,--enable-auto-image-base -Xlinker --out-implib -Xlinker .libs/libjnvml.dll.a
d:/mingw64/mingw64/bin/../lib/gcc/x86_64-w64-mingw32/4.8.2/../../../../x86_64-w64-mingw32/bin/ld.exe: skipping incompatible d:/Users/Ralph/git/WarpCTL/extra/JNVML/build/win/libnvml.a when searching for -lnvml
d:/mingw64/mingw64/bin/../lib/gcc/x86_64-w64-mingw32/4.8.2/../../../../x86_64-w64-mingw32/bin/ld.exe: skipping incompatible d:/Users/Ralph/git/WarpCTL/extra/JNVML/build/win\libnvml.a when searching for -lnvml
d:/mingw64/mingw64/bin/../lib/gcc/x86_64-w64-mingw32/4.8.2/../../../../x86_64-w64-mingw32/bin/ld.exe: skipping incompatible d:/Users/Ralph/git/WarpCTL/extra/JNVML/build/win/libnvml.a when searching for -lnvml
d:/mingw64/mingw64/bin/../lib/gcc/x86_64-w64-mingw32/4.8.2/../../../../x86_64-w64-mingw32/bin/ld.exe: cannot find -lnvml
collect2.exe: error: ld returned 1 exit status
make[2]: *** [libjnvml.la] Error 1
make[2]: Leaving directory `/d/Users/Ralph/git/WarpCTL/extra/JNVML/build/src'
make[1]: *** [all-recursive] Error 1
make[1]: Leaving directory `/d/Users/Ralph/git/WarpCTL/extra/JNVML/build'
make: *** [all] Error 2
