This file contains any messages produced by compilers while
running configure, to aid debugging if configure makes a mistake.

It was created by FULL-PACKAGE-NAME configure VERSION, which was
generated by GNU Autoconf 2.68.  Invocation command line was

  $ ../configure --host=x86_64-w64-mingw32 --prefix=/usr --with-nvml=/d/opt/gdk_332.85_release/gdk_wddm_amd64_release/nvml --with-jre=/c/Program Files/Java/jdk1.6.0_45 --with-lib2a=/d/opt/LIB2A-2.0/LIB2A/

## --------- ##
## Platform. ##
## --------- ##

hostname = AsusNBA
uname -m = i686
uname -r = 1.0.17(0.48/3/2)
uname -s = MINGW32_NT-6.2
uname -v = 2011-04-24 23:39

/usr/bin/uname -p = unknown
/bin/uname -X     = unknown

/bin/arch              = unknown
/usr/bin/arch -k       = unknown
/usr/convex/getsysinfo = unknown
/usr/bin/hostinfo      = unknown
/bin/machine           = unknown
/usr/bin/oslevel       = unknown
/bin/universe          = unknown

PATH: .
PATH: /usr/local/bin
PATH: /mingw/bin
PATH: /bin
PATH: /c/Program Files (x86)/NVIDIA Corporation/PhysX/Common
PATH: /c/Program Files/NVIDIA GPU Computing Toolkit/CUDA/v6.0/bin
PATH: /c/Program Files/NVIDIA GPU Computing Toolkit/CUDA/v6.0/libnvvp
PATH: /c/Program Files/Java/jdk1.7.0_55/bin
PATH: /c/Program Files (x86)/PHP/v5.4
PATH: /c/Windows/system32/inetsrv
PATH: /c/Program Files (x86)/iis express/PHP/v5.4
PATH: /c/Program Files (x86)/Intel/iCLS Client/
PATH: /c/Program Files/Intel/iCLS Client/
PATH: /c/Windows/system32
PATH: /c/Windows
PATH: /c/Windows/System32/Wbem
PATH: /c/Windows/System32/WindowsPowerShell/v1.0/
PATH: /c/Program Files (x86)/Windows Live/Shared
PATH: /c/Program Files/Intel/Intel(R) Management Engine Components/DAL
PATH: /c/Program Files/Intel/Intel(R) Management Engine Components/IPT
PATH: /c/Program Files (x86)/Intel/Intel(R) Management Engine Components/DAL
PATH: /c/Program Files (x86)/Intel/Intel(R) Management Engine Components/IPT
PATH: /c/Program Files/TortoiseSVN/bin
PATH: /c/Program Files/Microsoft/Web Platform Installer/
PATH: /c/Program Files (x86)/MySQL/MySQL Utilities 1.3.4/
PATH: /c/Program Files (x86)/Common Files/Intuit/QBPOSSDKRuntime
PATH: /c/Program Files (x86)/GTK/bin
PATH: /c/WINDOWS/system32
PATH: /c/WINDOWS
PATH: /c/WINDOWS/System32/Wbem
PATH: /c/WINDOWS/System32/WindowsPowerShell/v1.0/
PATH: /c/RailsInstaller/Git/cmd
PATH: /c/RailsInstaller/Ruby1.9.3/bin
PATH: /c/Program Files/smartmontools/bin
PATH: /c/MinGW/bin
PATH: /c/opt/lein/bin
PATH: /c/MinGW/bin


## ----------- ##
## Core tests. ##
## ----------- ##

configure:2371: checking build system type
configure:2385: result: i686-pc-mingw32
configure:2405: checking host system type
configure:2418: result: x86_64-w64-mingw32
configure:2438: checking target system type
configure:2451: result: x86_64-w64-mingw32
configure:2494: checking for a BSD-compatible install
configure:2562: result: /bin/install -c
configure:2573: checking whether build environment is sane
configure:2623: result: yes
configure:2672: checking for x86_64-w64-mingw32-strip
configure:2702: result: no
configure:2712: checking for strip
configure:2728: found /mingw/bin/strip
configure:2739: result: strip
configure:2764: checking for a thread-safe mkdir -p
configure:2803: result: /bin/mkdir -p
configure:2816: checking for gawk
configure:2832: found /bin/gawk
configure:2843: result: gawk
configure:2854: checking whether make sets $(MAKE)
configure:2876: result: yes
configure:3013: checking how to print strings
configure:3040: result: printf
configure:3073: checking for style of include used by make
configure:3101: result: GNU
configure:3131: checking for x86_64-w64-mingw32-gcc
configure:3147: found /mingw/bin/x86_64-w64-mingw32-gcc
configure:3158: result: x86_64-w64-mingw32-gcc
configure:3427: checking for C compiler version
configure:3436: x86_64-w64-mingw32-gcc --version >&5
x86_64-w64-mingw32-gcc.exe (GCC) 4.8.2
Copyright (C) 2013 Free Software Foundation, Inc.
This is free software; see the source for copying conditions.  There is NO
warranty; not even for MERCHANTABILITY or FITNESS FOR A PARTICULAR PURPOSE.

configure:3447: $? = 0
configure:3436: x86_64-w64-mingw32-gcc -v >&5
Using built-in specs.
COLLECT_GCC=d:\MinGW64\mingw64\bin\x86_64-w64-mingw32-gcc.exe
COLLECT_LTO_WRAPPER=d:/mingw64/mingw64/bin/../libexec/gcc/x86_64-w64-mingw32/4.8.2/lto-wrapper.exe
Target: x86_64-w64-mingw32
Configured with: /home/drangon/work/mingw-w64-dgn/source/gcc-4.8.2/configure --host=x86_64-w64-mingw32 --target=x86_64-w64-mingw32 --disable-nls --enable-languages=c,c++,objc,obj-c++ --with-gmp=/home/drangon/work/mingw-w64-dgn/build/for_target --with-mpfr=/home/drangon/work/mingw-w64-dgn/build/for_target --with-mpc=/home/drangon/work/mingw-w64-dgn/build/for_target --with-isl=/home/drangon/work/mingw-w64-dgn/build/for_target --with-cloog=/home/drangon/work/mingw-w64-dgn/build/for_target --enable-twoprocess --disable-libstdcxx-pch --disable-win32-registry --prefix=/home/drangon/work/mingw-w64-dgn/target --with-sysroot=/home/drangon/work/mingw-w64-dgn/target
Thread model: win32
gcc version 4.8.2 (GCC) 
configure:3447: $? = 0
configure:3436: x86_64-w64-mingw32-gcc -V >&5
x86_64-w64-mingw32-gcc.exe: error: unrecognized command line option '-V'
x86_64-w64-mingw32-gcc.exe: fatal error: no input files
compilation terminated.
configure:3447: $? = 1
configure:3436: x86_64-w64-mingw32-gcc -qversion >&5
x86_64-w64-mingw32-gcc.exe: error: unrecognized command line option '-qversion'
x86_64-w64-mingw32-gcc.exe: fatal error: no input files
compilation terminated.
configure:3447: $? = 1
configure:3467: checking whether the C compiler works
configure:3489: x86_64-w64-mingw32-gcc    conftest.c  >&5
configure:3493: $? = 0
configure:3541: result: yes
configure:3544: checking for C compiler default output file name
configure:3546: result: a.exe
configure:3552: checking for suffix of executables
configure:3559: x86_64-w64-mingw32-gcc -o conftest.exe    conftest.c  >&5
configure:3563: $? = 0
configure:3585: result: .exe
configure:3607: checking whether we are cross compiling
configure:3615: x86_64-w64-mingw32-gcc -o conftest.exe    conftest.c  >&5
configure:3619: $? = 0
configure:3626: ./conftest.exe
configure:3630: $? = 0
configure:3645: result: no
configure:3650: checking for suffix of object files
configure:3672: x86_64-w64-mingw32-gcc -c   conftest.c >&5
configure:3676: $? = 0
configure:3697: result: o
configure:3701: checking whether we are using the GNU C compiler
configure:3720: x86_64-w64-mingw32-gcc -c   conftest.c >&5
configure:3720: $? = 0
configure:3729: result: yes
configure:3738: checking whether x86_64-w64-mingw32-gcc accepts -g
configure:3758: x86_64-w64-mingw32-gcc -c -g  conftest.c >&5
configure:3758: $? = 0
configure:3799: result: yes
configure:3816: checking for x86_64-w64-mingw32-gcc option to accept ISO C89
configure:3880: x86_64-w64-mingw32-gcc  -c -g -O2  conftest.c >&5
configure:3880: $? = 0
configure:3893: result: none needed
configure:3915: checking dependency style of x86_64-w64-mingw32-gcc
configure:4025: result: gcc3
configure:4040: checking for a sed that does not truncate output
configure:4104: result: /bin/sed
configure:4122: checking for grep that handles long lines and -e
configure:4180: result: /bin/grep
configure:4185: checking for egrep
configure:4247: result: /bin/grep -E
configure:4252: checking for fgrep
configure:4314: result: /bin/grep -F
configure:4349: checking for ld used by x86_64-w64-mingw32-gcc
configure:4416: result: d:/mingw64/mingw64/x86_64-w64-mingw32/bin/ld.exe
configure:4423: checking if the linker (d:/mingw64/mingw64/x86_64-w64-mingw32/bin/ld.exe) is GNU ld
configure:4438: result: yes
configure:4450: checking for BSD- or MS-compatible name lister (nm)
configure:4499: result: no
configure:4513: checking for x86_64-w64-mingw32-dumpbin
configure:4543: result: no
configure:4513: checking for x86_64-w64-mingw32-link
configure:4543: result: no
configure:4557: checking for dumpbin
configure:4587: result: no
configure:4557: checking for link
configure:4573: found /bin/link
configure:4584: result: link -dump
configure:4629: checking the name lister (nm) interface
configure:4636: x86_64-w64-mingw32-gcc -c -g -O2  conftest.c >&5
configure:4639: nm "conftest.o"
configure:4642: output
0000000000000000 b .bss
0000000000000000 d .data
0000000000000000 N .debug_abbrev
0000000000000000 N .debug_aranges
0000000000000000 N .debug_info
0000000000000000 N .debug_line
0000000000000000 r .rdata$zzz
0000000000000000 t .text
0000000000000000 B some_variable
configure:4649: result: BSD nm
configure:4652: checking whether ln -s works
configure:4659: result: no, using cp -p
configure:4664: checking the maximum length of command line arguments
configure:4789: result: 8192
configure:4806: checking whether the shell understands some XSI constructs
configure:4816: result: yes
configure:4820: checking whether the shell understands "+="
configure:4826: result: yes
configure:4861: checking how to convert i686-pc-mingw32 file names to x86_64-w64-mingw32 format
configure:4923: result: func_convert_file_msys_to_w32
configure:4930: checking how to convert i686-pc-mingw32 file names to toolchain format
configure:4950: result: func_convert_file_msys_to_w32
configure:4957: checking for d:/mingw64/mingw64/x86_64-w64-mingw32/bin/ld.exe option to reload object files
configure:4964: result: -r
configure:4998: checking for x86_64-w64-mingw32-objdump
configure:5028: result: no
configure:5038: checking for objdump
configure:5054: found /mingw/bin/objdump
configure:5065: result: objdump
configure:5097: checking how to recognize dependent libraries
configure:5299: result: file_magic ^x86 archive import|^x86 DLL
configure:5344: checking for x86_64-w64-mingw32-dlltool
configure:5374: result: no
configure:5384: checking for dlltool
configure:5400: found /mingw/bin/dlltool
configure:5411: result: dlltool
configure:5444: checking how to associate runtime and link libraries
configure:5471: result: func_cygming_dll_for_implib
configure:5488: checking for x86_64-w64-mingw32-ar
configure:5518: result: no
configure:5532: checking for ar
configure:5548: found /mingw/bin/ar
configure:5559: result: ar
configure:5596: checking for archiver @FILE support
configure:5613: x86_64-w64-mingw32-gcc -c -g -O2  conftest.c >&5
configure:5613: $? = 0
configure:5616: ar cru libconftest.a @conftest.lst >&5
configure:5619: $? = 0
configure:5624: ar cru libconftest.a @conftest.lst >&5
d:\MinGW64\mingw64\bin\ar.exe: conftest.o: No such file or directory
configure:5627: $? = 1
configure:5639: result: @
configure:5657: checking for x86_64-w64-mingw32-strip
configure:5684: result: strip
configure:5756: checking for x86_64-w64-mingw32-ranlib
configure:5786: result: no
configure:5796: checking for ranlib
configure:5812: found /mingw/bin/ranlib
configure:5823: result: ranlib
configure:5925: checking command to parse nm output from x86_64-w64-mingw32-gcc object
configure:6044: x86_64-w64-mingw32-gcc -c -g -O2  conftest.c >&5
configure:6047: $? = 0
configure:6051: nm conftest.o \| sed -n -e 's/^.*[ ]\([ABCDGIRSTW][ABCDGIRSTW]*\)[ ][ ]*\([_A-Za-z][_A-Za-z0-9]*\)\{0,1\}$/\1 \2 \2/p' | sed '/ __gnu_lto/d' \> conftest.nm
configure:6054: $? = 0
configure:6120: x86_64-w64-mingw32-gcc -o conftest.exe -g -O2   conftest.c conftstm.o >&5
configure:6123: $? = 0
configure:6161: result: ok
configure:6198: checking for sysroot
configure:6228: result: no
configure:6431: checking for x86_64-w64-mingw32-mt
configure:6461: result: no
configure:6471: checking for mt
configure:6501: result: no
configure:6521: checking if : is a manifest tool
configure:6527: : '-?'
configure:6535: result: no
configure:7167: checking how to run the C preprocessor
configure:7198: x86_64-w64-mingw32-gcc -E  conftest.c
configure:7198: $? = 0
configure:7212: x86_64-w64-mingw32-gcc -E  conftest.c
conftest.c:11:28: fatal error: ac_nonexistent.h: No such file or directory
 #include <ac_nonexistent.h>
                            ^
compilation terminated.
configure:7212: $? = 1
configure: failed program was:
| /* confdefs.h */
| #define PACKAGE_NAME "FULL-PACKAGE-NAME"
| #define PACKAGE_TARNAME "full-package-name"
| #define PACKAGE_VERSION "VERSION"
| #define PACKAGE_STRING "FULL-PACKAGE-NAME VERSION"
| #define PACKAGE_BUGREPORT "BUG-REPORT-ADDRESS"
| #define PACKAGE_URL ""
| #define PACKAGE "full-package-name"
| #define VERSION "VERSION"
| /* end confdefs.h.  */
| #include <ac_nonexistent.h>
configure:7237: result: x86_64-w64-mingw32-gcc -E
configure:7257: x86_64-w64-mingw32-gcc -E  conftest.c
configure:7257: $? = 0
configure:7271: x86_64-w64-mingw32-gcc -E  conftest.c
conftest.c:11:28: fatal error: ac_nonexistent.h: No such file or directory
 #include <ac_nonexistent.h>
                            ^
compilation terminated.
configure:7271: $? = 1
configure: failed program was:
| /* confdefs.h */
| #define PACKAGE_NAME "FULL-PACKAGE-NAME"
| #define PACKAGE_TARNAME "full-package-name"
| #define PACKAGE_VERSION "VERSION"
| #define PACKAGE_STRING "FULL-PACKAGE-NAME VERSION"
| #define PACKAGE_BUGREPORT "BUG-REPORT-ADDRESS"
| #define PACKAGE_URL ""
| #define PACKAGE "full-package-name"
| #define VERSION "VERSION"
| /* end confdefs.h.  */
| #include <ac_nonexistent.h>
configure:7300: checking for ANSI C header files
configure:7320: x86_64-w64-mingw32-gcc -c -g -O2  conftest.c >&5
configure:7320: $? = 0
configure:7393: x86_64-w64-mingw32-gcc -o conftest.exe -g -O2   conftest.c  >&5
configure:7393: $? = 0
configure:7393: ./conftest.exe
configure:7393: $? = 0
configure:7404: result: yes
configure:7417: checking for sys/types.h
configure:7417: x86_64-w64-mingw32-gcc -c -g -O2  conftest.c >&5
configure:7417: $? = 0
configure:7417: result: yes
configure:7417: checking for sys/stat.h
configure:7417: x86_64-w64-mingw32-gcc -c -g -O2  conftest.c >&5
configure:7417: $? = 0
configure:7417: result: yes
configure:7417: checking for stdlib.h
configure:7417: x86_64-w64-mingw32-gcc -c -g -O2  conftest.c >&5
configure:7417: $? = 0
configure:7417: result: yes
configure:7417: checking for string.h
configure:7417: x86_64-w64-mingw32-gcc -c -g -O2  conftest.c >&5
configure:7417: $? = 0
configure:7417: result: yes
configure:7417: checking for memory.h
configure:7417: x86_64-w64-mingw32-gcc -c -g -O2  conftest.c >&5
configure:7417: $? = 0
configure:7417: result: yes
configure:7417: checking for strings.h
configure:7417: x86_64-w64-mingw32-gcc -c -g -O2  conftest.c >&5
configure:7417: $? = 0
configure:7417: result: yes
configure:7417: checking for inttypes.h
configure:7417: x86_64-w64-mingw32-gcc -c -g -O2  conftest.c >&5
configure:7417: $? = 0
configure:7417: result: yes
configure:7417: checking for stdint.h
configure:7417: x86_64-w64-mingw32-gcc -c -g -O2  conftest.c >&5
configure:7417: $? = 0
configure:7417: result: yes
configure:7417: checking for unistd.h
configure:7417: x86_64-w64-mingw32-gcc -c -g -O2  conftest.c >&5
configure:7417: $? = 0
configure:7417: result: yes
configure:7431: checking for dlfcn.h
configure:7431: x86_64-w64-mingw32-gcc -c -g -O2  conftest.c >&5
conftest.c:55:19: fatal error: dlfcn.h: No such file or directory
 #include <dlfcn.h>
                   ^
compilation terminated.
configure:7431: $? = 1
configure: failed program was:
| /* confdefs.h */
| #define PACKAGE_NAME "FULL-PACKAGE-NAME"
| #define PACKAGE_TARNAME "full-package-name"
| #define PACKAGE_VERSION "VERSION"
| #define PACKAGE_STRING "FULL-PACKAGE-NAME VERSION"
| #define PACKAGE_BUGREPORT "BUG-REPORT-ADDRESS"
| #define PACKAGE_URL ""
| #define PACKAGE "full-package-name"
| #define VERSION "VERSION"
| #define STDC_HEADERS 1
| #define HAVE_SYS_TYPES_H 1
| #define HAVE_SYS_STAT_H 1
| #define HAVE_STDLIB_H 1
| #define HAVE_STRING_H 1
| #define HAVE_MEMORY_H 1
| #define HAVE_STRINGS_H 1
| #define HAVE_INTTYPES_H 1
| #define HAVE_STDINT_H 1
| #define HAVE_UNISTD_H 1
| /* end confdefs.h.  */
| #include <stdio.h>
| #ifdef HAVE_SYS_TYPES_H
| # include <sys/types.h>
| #endif
| #ifdef HAVE_SYS_STAT_H
| # include <sys/stat.h>
| #endif
| #ifdef STDC_HEADERS
| # include <stdlib.h>
| # include <stddef.h>
| #else
| # ifdef HAVE_STDLIB_H
| #  include <stdlib.h>
| # endif
| #endif
| #ifdef HAVE_STRING_H
| # if !defined STDC_HEADERS && defined HAVE_MEMORY_H
| #  include <memory.h>
| # endif
| # include <string.h>
| #endif
| #ifdef HAVE_STRINGS_H
| # include <strings.h>
| #endif
| #ifdef HAVE_INTTYPES_H
| # include <inttypes.h>
| #endif
| #ifdef HAVE_STDINT_H
| # include <stdint.h>
| #endif
| #ifdef HAVE_UNISTD_H
| # include <unistd.h>
| #endif
| 
| #include <dlfcn.h>
configure:7431: result: no
configure:7618: checking for objdir
configure:7633: result: .libs
configure:7904: checking if x86_64-w64-mingw32-gcc supports -fno-rtti -fno-exceptions
configure:7922: x86_64-w64-mingw32-gcc -c -g -O2  -fno-rtti -fno-exceptions conftest.c >&5
cc1.exe: warning: command line option '-fno-rtti' is valid for C++/ObjC++ but not for C [enabled by default]
configure:7926: $? = 0
configure:7939: result: no
configure:8249: checking for x86_64-w64-mingw32-gcc option to produce PIC
configure:8256: result: -DDLL_EXPORT -DPIC
configure:8264: checking if x86_64-w64-mingw32-gcc PIC flag -DDLL_EXPORT -DPIC works
configure:8282: x86_64-w64-mingw32-gcc -c -g -O2  -DDLL_EXPORT -DPIC -DPIC conftest.c >&5
configure:8286: $? = 0
configure:8299: result: yes
configure:8328: checking if x86_64-w64-mingw32-gcc static flag -static works
configure:8356: result: yes
configure:8371: checking if x86_64-w64-mingw32-gcc supports -c -o file.o
configure:8392: x86_64-w64-mingw32-gcc -c -g -O2  -o out/conftest2.o conftest.c >&5
configure:8396: $? = 0
configure:8418: result: yes
configure:8426: checking if x86_64-w64-mingw32-gcc supports -c -o file.o
configure:8473: result: yes
configure:8506: checking whether the x86_64-w64-mingw32-gcc linker (d:/mingw64/mingw64/x86_64-w64-mingw32/bin/ld.exe) supports shared libraries
configure:9664: result: yes
configure:9701: checking whether -lc should be explicitly linked in
configure:9709: x86_64-w64-mingw32-gcc -c -g -O2  conftest.c >&5
configure:9712: $? = 0
configure:9727: x86_64-w64-mingw32-gcc -shared conftest.o  -v -o ./conftest -Wl,--enable-auto-image-base -Xlinker --out-implib -Xlinker conftest 2\>\&1 \| /bin/grep  -lc  \>/dev/null 2\>\&1
configure:9730: $? = 1
configure:9744: result: yes
configure:9909: checking dynamic linker characteristics
configure:10651: result: Win32 ld.exe
configure:10758: checking how to hardcode library paths into programs
configure:10783: result: immediate
configure:11323: checking whether stripping libraries is possible
configure:11328: result: yes
configure:11363: checking if libtool supports shared libraries
configure:11365: result: yes
configure:11368: checking whether to build shared libraries
configure:11389: result: yes
configure:11392: checking whether to build static libraries
configure:11396: result: yes
configure:11522: checking for x86_64-w64-mingw32-as
configure:11552: result: no
configure:11562: checking for as
configure:11578: found /mingw/bin/as
configure:11589: result: as
configure:11614: checking for x86_64-w64-mingw32-dlltool
configure:11641: result: dlltool
configure:11706: checking for x86_64-w64-mingw32-objdump
configure:11733: result: objdump
configure:11957: checking for x86_64-w64-mingw32-g++
configure:11973: found /mingw/bin/x86_64-w64-mingw32-g++
configure:11984: result: x86_64-w64-mingw32-g++
configure:12055: checking for C++ compiler version
configure:12064: x86_64-w64-mingw32-g++ --version >&5
x86_64-w64-mingw32-g++.exe (GCC) 4.8.2
Copyright (C) 2013 Free Software Foundation, Inc.
This is free software; see the source for copying conditions.  There is NO
warranty; not even for MERCHANTABILITY or FITNESS FOR A PARTICULAR PURPOSE.

configure:12075: $? = 0
configure:12064: x86_64-w64-mingw32-g++ -v >&5
Using built-in specs.
COLLECT_GCC=d:\MinGW64\mingw64\bin\x86_64-w64-mingw32-g++.exe
COLLECT_LTO_WRAPPER=d:/mingw64/mingw64/bin/../libexec/gcc/x86_64-w64-mingw32/4.8.2/lto-wrapper.exe
Target: x86_64-w64-mingw32
Configured with: /home/drangon/work/mingw-w64-dgn/source/gcc-4.8.2/configure --host=x86_64-w64-mingw32 --target=x86_64-w64-mingw32 --disable-nls --enable-languages=c,c++,objc,obj-c++ --with-gmp=/home/drangon/work/mingw-w64-dgn/build/for_target --with-mpfr=/home/drangon/work/mingw-w64-dgn/build/for_target --with-mpc=/home/drangon/work/mingw-w64-dgn/build/for_target --with-isl=/home/drangon/work/mingw-w64-dgn/build/for_target --with-cloog=/home/drangon/work/mingw-w64-dgn/build/for_target --enable-twoprocess --disable-libstdcxx-pch --disable-win32-registry --prefix=/home/drangon/work/mingw-w64-dgn/target --with-sysroot=/home/drangon/work/mingw-w64-dgn/target
Thread model: win32
gcc version 4.8.2 (GCC) 
configure:12075: $? = 0
configure:12064: x86_64-w64-mingw32-g++ -V >&5
x86_64-w64-mingw32-g++.exe: error: unrecognized command line option '-V'
x86_64-w64-mingw32-g++.exe: fatal error: no input files
compilation terminated.
configure:12075: $? = 1
configure:12064: x86_64-w64-mingw32-g++ -qversion >&5
x86_64-w64-mingw32-g++.exe: error: unrecognized command line option '-qversion'
x86_64-w64-mingw32-g++.exe: fatal error: no input files
compilation terminated.
configure:12075: $? = 1
configure:12079: checking whether we are using the GNU C++ compiler
configure:12098: x86_64-w64-mingw32-g++ -c   conftest.cpp >&5
configure:12098: $? = 0
configure:12107: result: yes
configure:12116: checking whether x86_64-w64-mingw32-g++ accepts -g
configure:12136: x86_64-w64-mingw32-g++ -c -g  conftest.cpp >&5
configure:12136: $? = 0
configure:12177: result: yes
configure:12202: checking dependency style of x86_64-w64-mingw32-g++
configure:12312: result: gcc3
configure:12345: checking how to run the C++ preprocessor
configure:12372: x86_64-w64-mingw32-g++ -E  conftest.cpp
configure:12372: $? = 0
configure:12386: x86_64-w64-mingw32-g++ -E  conftest.cpp
conftest.cpp:23:28: fatal error: ac_nonexistent.h: No such file or directory
 #include <ac_nonexistent.h>
                            ^
compilation terminated.
configure:12386: $? = 1
configure: failed program was:
| /* confdefs.h */
| #define PACKAGE_NAME "FULL-PACKAGE-NAME"
| #define PACKAGE_TARNAME "full-package-name"
| #define PACKAGE_VERSION "VERSION"
| #define PACKAGE_STRING "FULL-PACKAGE-NAME VERSION"
| #define PACKAGE_BUGREPORT "BUG-REPORT-ADDRESS"
| #define PACKAGE_URL ""
| #define PACKAGE "full-package-name"
| #define VERSION "VERSION"
| #define STDC_HEADERS 1
| #define HAVE_SYS_TYPES_H 1
| #define HAVE_SYS_STAT_H 1
| #define HAVE_STDLIB_H 1
| #define HAVE_STRING_H 1
| #define HAVE_MEMORY_H 1
| #define HAVE_STRINGS_H 1
| #define HAVE_INTTYPES_H 1
| #define HAVE_STDINT_H 1
| #define HAVE_UNISTD_H 1
| #define LT_OBJDIR ".libs/"
| #define _WIN32_WINNT 0x0501
| /* end confdefs.h.  */
| #include <ac_nonexistent.h>
configure:12411: result: x86_64-w64-mingw32-g++ -E
configure:12431: x86_64-w64-mingw32-g++ -E  conftest.cpp
configure:12431: $? = 0
configure:12445: x86_64-w64-mingw32-g++ -E  conftest.cpp
conftest.cpp:23:28: fatal error: ac_nonexistent.h: No such file or directory
 #include <ac_nonexistent.h>
                            ^
compilation terminated.
configure:12445: $? = 1
configure: failed program was:
| /* confdefs.h */
| #define PACKAGE_NAME "FULL-PACKAGE-NAME"
| #define PACKAGE_TARNAME "full-package-name"
| #define PACKAGE_VERSION "VERSION"
| #define PACKAGE_STRING "FULL-PACKAGE-NAME VERSION"
| #define PACKAGE_BUGREPORT "BUG-REPORT-ADDRESS"
| #define PACKAGE_URL ""
| #define PACKAGE "full-package-name"
| #define VERSION "VERSION"
| #define STDC_HEADERS 1
| #define HAVE_SYS_TYPES_H 1
| #define HAVE_SYS_STAT_H 1
| #define HAVE_STDLIB_H 1
| #define HAVE_STRING_H 1
| #define HAVE_MEMORY_H 1
| #define HAVE_STRINGS_H 1
| #define HAVE_INTTYPES_H 1
| #define HAVE_STDINT_H 1
| #define HAVE_UNISTD_H 1
| #define LT_OBJDIR ".libs/"
| #define _WIN32_WINNT 0x0501
| /* end confdefs.h.  */
| #include <ac_nonexistent.h>
configure:12615: checking for ld used by x86_64-w64-mingw32-g++
configure:12682: result: d:/mingw64/mingw64/x86_64-w64-mingw32/bin/ld.exe
configure:12689: checking if the linker (d:/mingw64/mingw64/x86_64-w64-mingw32/bin/ld.exe) is GNU ld
configure:12704: result: yes
configure:12759: checking whether the x86_64-w64-mingw32-g++ linker (d:/mingw64/mingw64/x86_64-w64-mingw32/bin/ld.exe) supports shared libraries
configure:13763: result: yes
configure:13798: x86_64-w64-mingw32-g++ -c -g -O2  conftest.cpp >&5
configure:13801: $? = 0
configure:14321: checking for x86_64-w64-mingw32-g++ option to produce PIC
configure:14328: result: -DDLL_EXPORT -DPIC
configure:14336: checking if x86_64-w64-mingw32-g++ PIC flag -DDLL_EXPORT -DPIC works
configure:14354: x86_64-w64-mingw32-g++ -c -g -O2  -DDLL_EXPORT -DPIC -DPIC conftest.cpp >&5
configure:14358: $? = 0
configure:14371: result: yes
configure:14394: checking if x86_64-w64-mingw32-g++ static flag -static works
configure:14422: result: yes
configure:14434: checking if x86_64-w64-mingw32-g++ supports -c -o file.o
configure:14455: x86_64-w64-mingw32-g++ -c -g -O2  -o out/conftest2.o conftest.cpp >&5
configure:14459: $? = 0
configure:14481: result: yes
configure:14486: checking if x86_64-w64-mingw32-g++ supports -c -o file.o
configure:14533: result: yes
configure:14563: checking whether the x86_64-w64-mingw32-g++ linker (d:/mingw64/mingw64/x86_64-w64-mingw32/bin/ld.exe) supports shared libraries
configure:14597: result: yes
configure:14740: checking dynamic linker characteristics
configure:15415: result: Win32 ld.exe
configure:15468: checking how to hardcode library paths into programs
configure:15493: result: immediate
configure:15537: checking for gawk
configure:15564: result: gawk
configure:15583: checking for x86_64-w64-mingw32-gcc
configure:15610: result: x86_64-w64-mingw32-gcc
configure:15879: checking for C compiler version
configure:15888: x86_64-w64-mingw32-gcc --version >&5
x86_64-w64-mingw32-gcc.exe (GCC) 4.8.2
Copyright (C) 2013 Free Software Foundation, Inc.
This is free software; see the source for copying conditions.  There is NO
warranty; not even for MERCHANTABILITY or FITNESS FOR A PARTICULAR PURPOSE.

configure:15899: $? = 0
configure:15888: x86_64-w64-mingw32-gcc -v >&5
Using built-in specs.
COLLECT_GCC=d:\MinGW64\mingw64\bin\x86_64-w64-mingw32-gcc.exe
COLLECT_LTO_WRAPPER=d:/mingw64/mingw64/bin/../libexec/gcc/x86_64-w64-mingw32/4.8.2/lto-wrapper.exe
Target: x86_64-w64-mingw32
Configured with: /home/drangon/work/mingw-w64-dgn/source/gcc-4.8.2/configure --host=x86_64-w64-mingw32 --target=x86_64-w64-mingw32 --disable-nls --enable-languages=c,c++,objc,obj-c++ --with-gmp=/home/drangon/work/mingw-w64-dgn/build/for_target --with-mpfr=/home/drangon/work/mingw-w64-dgn/build/for_target --with-mpc=/home/drangon/work/mingw-w64-dgn/build/for_target --with-isl=/home/drangon/work/mingw-w64-dgn/build/for_target --with-cloog=/home/drangon/work/mingw-w64-dgn/build/for_target --enable-twoprocess --disable-libstdcxx-pch --disable-win32-registry --prefix=/home/drangon/work/mingw-w64-dgn/target --with-sysroot=/home/drangon/work/mingw-w64-dgn/target
Thread model: win32
gcc version 4.8.2 (GCC) 
configure:15899: $? = 0
configure:15888: x86_64-w64-mingw32-gcc -V >&5
x86_64-w64-mingw32-gcc.exe: error: unrecognized command line option '-V'
x86_64-w64-mingw32-gcc.exe: fatal error: no input files
compilation terminated.
configure:15899: $? = 1
configure:15888: x86_64-w64-mingw32-gcc -qversion >&5
x86_64-w64-mingw32-gcc.exe: error: unrecognized command line option '-qversion'
x86_64-w64-mingw32-gcc.exe: fatal error: no input files
compilation terminated.
configure:15899: $? = 1
configure:15903: checking whether we are using the GNU C compiler
configure:15931: result: yes
configure:15940: checking whether x86_64-w64-mingw32-gcc accepts -g
configure:16001: result: yes
configure:16018: checking for x86_64-w64-mingw32-gcc option to accept ISO C89
configure:16095: result: none needed
configure:16117: checking dependency style of x86_64-w64-mingw32-gcc
configure:16227: result: gcc3
configure:16247: checking how to run the C preprocessor
configure:16317: result: x86_64-w64-mingw32-gcc -E
configure:16337: x86_64-w64-mingw32-gcc -E  conftest.c
configure:16337: $? = 0
configure:16351: x86_64-w64-mingw32-gcc -E  conftest.c
conftest.c:23:28: fatal error: ac_nonexistent.h: No such file or directory
 #include <ac_nonexistent.h>
                            ^
compilation terminated.
configure:16351: $? = 1
configure: failed program was:
| /* confdefs.h */
| #define PACKAGE_NAME "FULL-PACKAGE-NAME"
| #define PACKAGE_TARNAME "full-package-name"
| #define PACKAGE_VERSION "VERSION"
| #define PACKAGE_STRING "FULL-PACKAGE-NAME VERSION"
| #define PACKAGE_BUGREPORT "BUG-REPORT-ADDRESS"
| #define PACKAGE_URL ""
| #define PACKAGE "full-package-name"
| #define VERSION "VERSION"
| #define STDC_HEADERS 1
| #define HAVE_SYS_TYPES_H 1
| #define HAVE_SYS_STAT_H 1
| #define HAVE_STDLIB_H 1
| #define HAVE_STRING_H 1
| #define HAVE_MEMORY_H 1
| #define HAVE_STRINGS_H 1
| #define HAVE_INTTYPES_H 1
| #define HAVE_STDINT_H 1
| #define HAVE_UNISTD_H 1
| #define LT_OBJDIR ".libs/"
| #define _WIN32_WINNT 0x0501
| /* end confdefs.h.  */
| #include <ac_nonexistent.h>
configure:16380: checking whether ln -s works
configure:16387: result: no, using cp -p
configure:16391: checking whether make sets $(MAKE)
configure:16413: result: yes
configure:16432: checking for x86_64-w64-mingw32-gcc
configure:16459: result: x86_64-w64-mingw32-gcc
configure:16728: checking for C compiler version
configure:16737: x86_64-w64-mingw32-gcc --version >&5
x86_64-w64-mingw32-gcc.exe (GCC) 4.8.2
Copyright (C) 2013 Free Software Foundation, Inc.
This is free software; see the source for copying conditions.  There is NO
warranty; not even for MERCHANTABILITY or FITNESS FOR A PARTICULAR PURPOSE.

configure:16748: $? = 0
configure:16737: x86_64-w64-mingw32-gcc -v >&5
Using built-in specs.
COLLECT_GCC=d:\MinGW64\mingw64\bin\x86_64-w64-mingw32-gcc.exe
COLLECT_LTO_WRAPPER=d:/mingw64/mingw64/bin/../libexec/gcc/x86_64-w64-mingw32/4.8.2/lto-wrapper.exe
Target: x86_64-w64-mingw32
Configured with: /home/drangon/work/mingw-w64-dgn/source/gcc-4.8.2/configure --host=x86_64-w64-mingw32 --target=x86_64-w64-mingw32 --disable-nls --enable-languages=c,c++,objc,obj-c++ --with-gmp=/home/drangon/work/mingw-w64-dgn/build/for_target --with-mpfr=/home/drangon/work/mingw-w64-dgn/build/for_target --with-mpc=/home/drangon/work/mingw-w64-dgn/build/for_target --with-isl=/home/drangon/work/mingw-w64-dgn/build/for_target --with-cloog=/home/drangon/work/mingw-w64-dgn/build/for_target --enable-twoprocess --disable-libstdcxx-pch --disable-win32-registry --prefix=/home/drangon/work/mingw-w64-dgn/target --with-sysroot=/home/drangon/work/mingw-w64-dgn/target
Thread model: win32
gcc version 4.8.2 (GCC) 
configure:16748: $? = 0
configure:16737: x86_64-w64-mingw32-gcc -V >&5
x86_64-w64-mingw32-gcc.exe: error: unrecognized command line option '-V'
x86_64-w64-mingw32-gcc.exe: fatal error: no input files
compilation terminated.
configure:16748: $? = 1
configure:16737: x86_64-w64-mingw32-gcc -qversion >&5
x86_64-w64-mingw32-gcc.exe: error: unrecognized command line option '-qversion'
x86_64-w64-mingw32-gcc.exe: fatal error: no input files
compilation terminated.
configure:16748: $? = 1
configure:16752: checking whether we are using the GNU C compiler
configure:16780: result: yes
configure:16789: checking whether x86_64-w64-mingw32-gcc accepts -g
configure:16850: result: yes
configure:16867: checking for x86_64-w64-mingw32-gcc option to accept ISO C89
configure:16944: result: none needed
configure:16966: checking dependency style of x86_64-w64-mingw32-gcc
configure:17076: result: gcc3
configure:17096: checking for an ANSI C-conforming const
configure:17161: x86_64-w64-mingw32-gcc -c -g -O2  conftest.c >&5
configure:17161: $? = 0
configure:17168: result: yes
configure:17184: checking for swig
configure:17202: found /usr/local/bin/swig
configure:17214: result: /usr/local/bin/swig
configure:17228: checking SWIG version
configure:17231: result: 3.0.0
configure:17280: checking for SWIG library
configure:17283: result: D:/msys64/local/share/swig/3.0.0
configure:17398: checking for stdlib.h
configure:17398: result: yes
configure:17398: checking for string.h
configure:17398: result: yes
configure:17398: checking for unistd.h
configure:17398: result: yes
configure:17398: checking wchar.h usability
configure:17398: x86_64-w64-mingw32-gcc -c -g -O2  -I/d/opt/gdk_332.85_release/gdk_wddm_amd64_release/nvml/include -I'/c/Program Files/Java/jdk1.6.0_45/include' -I'/c/Program Files/Java/jdk1.6.0_45/include/win32' conftest.c >&5
x86_64-w64-mingw32-gcc.exe: error: Files/Java/jdk1.6.0_45/include': No such file or directory
x86_64-w64-mingw32-gcc.exe: error: Files/Java/jdk1.6.0_45/include/win32': No such file or directory
configure:17398: $? = 1
configure: failed program was:
| /* confdefs.h */
| #define PACKAGE_NAME "FULL-PACKAGE-NAME"
| #define PACKAGE_TARNAME "full-package-name"
| #define PACKAGE_VERSION "VERSION"
| #define PACKAGE_STRING "FULL-PACKAGE-NAME VERSION"
| #define PACKAGE_BUGREPORT "BUG-REPORT-ADDRESS"
| #define PACKAGE_URL ""
| #define PACKAGE "full-package-name"
| #define VERSION "VERSION"
| #define STDC_HEADERS 1
| #define HAVE_SYS_TYPES_H 1
| #define HAVE_SYS_STAT_H 1
| #define HAVE_STDLIB_H 1
| #define HAVE_STRING_H 1
| #define HAVE_MEMORY_H 1
| #define HAVE_STRINGS_H 1
| #define HAVE_INTTYPES_H 1
| #define HAVE_STDINT_H 1
| #define HAVE_UNISTD_H 1
| #define LT_OBJDIR ".libs/"
| #define _WIN32_WINNT 0x0501
| #define HAVE_STDLIB_H 1
| #define HAVE_STRING_H 1
| #define HAVE_UNISTD_H 1
| /* end confdefs.h.  */
| #include <stdio.h>
| #ifdef HAVE_SYS_TYPES_H
| # include <sys/types.h>
| #endif
| #ifdef HAVE_SYS_STAT_H
| # include <sys/stat.h>
| #endif
| #ifdef STDC_HEADERS
| # include <stdlib.h>
| # include <stddef.h>
| #else
| # ifdef HAVE_STDLIB_H
| #  include <stdlib.h>
| # endif
| #endif
| #ifdef HAVE_STRING_H
| # if !defined STDC_HEADERS && defined HAVE_MEMORY_H
| #  include <memory.h>
| # endif
| # include <string.h>
| #endif
| #ifdef HAVE_STRINGS_H
| # include <strings.h>
| #endif
| #ifdef HAVE_INTTYPES_H
| # include <inttypes.h>
| #endif
| #ifdef HAVE_STDINT_H
| # include <stdint.h>
| #endif
| #ifdef HAVE_UNISTD_H
| # include <unistd.h>
| #endif
| #include <wchar.h>
configure:17398: result: no
configure:17398: checking wchar.h presence
configure:17398: x86_64-w64-mingw32-gcc -E  -I/d/opt/gdk_332.85_release/gdk_wddm_amd64_release/nvml/include -I'/c/Program Files/Java/jdk1.6.0_45/include' -I'/c/Program Files/Java/jdk1.6.0_45/include/win32' conftest.c
x86_64-w64-mingw32-gcc.exe: error: Files/Java/jdk1.6.0_45/include': No such file or directory
x86_64-w64-mingw32-gcc.exe: error: Files/Java/jdk1.6.0_45/include/win32': No such file or directory
configure:17398: $? = 1
configure: failed program was:
| /* confdefs.h */
| #define PACKAGE_NAME "FULL-PACKAGE-NAME"
| #define PACKAGE_TARNAME "full-package-name"
| #define PACKAGE_VERSION "VERSION"
| #define PACKAGE_STRING "FULL-PACKAGE-NAME VERSION"
| #define PACKAGE_BUGREPORT "BUG-REPORT-ADDRESS"
| #define PACKAGE_URL ""
| #define PACKAGE "full-package-name"
| #define VERSION "VERSION"
| #define STDC_HEADERS 1
| #define HAVE_SYS_TYPES_H 1
| #define HAVE_SYS_STAT_H 1
| #define HAVE_STDLIB_H 1
| #define HAVE_STRING_H 1
| #define HAVE_MEMORY_H 1
| #define HAVE_STRINGS_H 1
| #define HAVE_INTTYPES_H 1
| #define HAVE_STDINT_H 1
| #define HAVE_UNISTD_H 1
| #define LT_OBJDIR ".libs/"
| #define _WIN32_WINNT 0x0501
| #define HAVE_STDLIB_H 1
| #define HAVE_STRING_H 1
| #define HAVE_UNISTD_H 1
| /* end confdefs.h.  */
| #include <wchar.h>
configure:17398: result: no
configure:17398: checking for wchar.h
configure:17398: result: no
configure:17414: checking for stdlib.h
configure:17414: result: yes
configure:17424: checking for GNU libc compatible malloc
configure:17448: x86_64-w64-mingw32-gcc -o conftest.exe -g -O2  -I/d/opt/gdk_332.85_release/gdk_wddm_amd64_release/nvml/include -I'/c/Program Files/Java/jdk1.6.0_45/include' -I'/c/Program Files/Java/jdk1.6.0_45/include/win32'  -no-undefined conftest.c  >&5
x86_64-w64-mingw32-gcc.exe: error: Files/Java/jdk1.6.0_45/include': No such file or directory
x86_64-w64-mingw32-gcc.exe: error: Files/Java/jdk1.6.0_45/include/win32': No such file or directory
x86_64-w64-mingw32-gcc.exe: error: unrecognized command line option '-no-undefined'
configure:17448: $? = 1
configure: program exited with status 1
configure: failed program was:
| /* confdefs.h */
| #define PACKAGE_NAME "FULL-PACKAGE-NAME"
| #define PACKAGE_TARNAME "full-package-name"
| #define PACKAGE_VERSION "VERSION"
| #define PACKAGE_STRING "FULL-PACKAGE-NAME VERSION"
| #define PACKAGE_BUGREPORT "BUG-REPORT-ADDRESS"
| #define PACKAGE_URL ""
| #define PACKAGE "full-package-name"
| #define VERSION "VERSION"
| #define STDC_HEADERS 1
| #define HAVE_SYS_TYPES_H 1
| #define HAVE_SYS_STAT_H 1
| #define HAVE_STDLIB_H 1
| #define HAVE_STRING_H 1
| #define HAVE_MEMORY_H 1
| #define HAVE_STRINGS_H 1
| #define HAVE_INTTYPES_H 1
| #define HAVE_STDINT_H 1
| #define HAVE_UNISTD_H 1
| #define LT_OBJDIR ".libs/"
| #define _WIN32_WINNT 0x0501
| #define HAVE_STDLIB_H 1
| #define HAVE_STRING_H 1
| #define HAVE_UNISTD_H 1
| #define HAVE_STDLIB_H 1
| /* end confdefs.h.  */
| #if defined STDC_HEADERS || defined HAVE_STDLIB_H
| # include <stdlib.h>
| #else
| char *malloc ();
| #endif
| 
| int
| main ()
| {
| return ! malloc (0);
|   ;
|   return 0;
| }
configure:17458: result: no
configure:17622: creating ./config.status

## ---------------------- ##
## Running config.status. ##
## ---------------------- ##

This file was extended by FULL-PACKAGE-NAME config.status VERSION, which was
generated by GNU Autoconf 2.68.  Invocation command line was

  CONFIG_FILES    = 
  CONFIG_HEADERS  = 
  CONFIG_LINKS    = 
  CONFIG_COMMANDS = 
  $ ./config.status 

on AsusNBA

config.status:1195: creating Makefile
config.status:1195: creating win/Makefile
config.status:1195: creating swig/Makefile
config.status:1195: creating src/Makefile
config.status:1195: creating config.h
config.status:1361: config.h is unchanged
config.status:1409: executing depfiles commands
config.status:1409: executing libtool commands

## ---------------- ##
## Cache variables. ##
## ---------------- ##

ac_cv_build=i686-pc-mingw32
ac_cv_c_compiler_gnu=yes
ac_cv_c_const=yes
ac_cv_cxx_compiler_gnu=yes
ac_cv_env_CCC_set=
ac_cv_env_CCC_value=
ac_cv_env_CC_set=
ac_cv_env_CC_value=
ac_cv_env_CFLAGS_set=
ac_cv_env_CFLAGS_value=
ac_cv_env_CPPFLAGS_set=
ac_cv_env_CPPFLAGS_value=
ac_cv_env_CPP_set=
ac_cv_env_CPP_value=
ac_cv_env_CXXCPP_set=
ac_cv_env_CXXCPP_value=
ac_cv_env_CXXFLAGS_set=
ac_cv_env_CXXFLAGS_value=
ac_cv_env_CXX_set=
ac_cv_env_CXX_value=
ac_cv_env_LDFLAGS_set=
ac_cv_env_LDFLAGS_value=
ac_cv_env_LIBS_set=
ac_cv_env_LIBS_value=
ac_cv_env_build_alias_set=
ac_cv_env_build_alias_value=
ac_cv_env_host_alias_set=set
ac_cv_env_host_alias_value=x86_64-w64-mingw32
ac_cv_env_target_alias_set=
ac_cv_env_target_alias_value=
ac_cv_exeext=.exe
ac_cv_func_malloc_0_nonnull=no
ac_cv_header_dlfcn_h=no
ac_cv_header_inttypes_h=yes
ac_cv_header_memory_h=yes
ac_cv_header_stdc=yes
ac_cv_header_stdint_h=yes
ac_cv_header_stdlib_h=yes
ac_cv_header_string_h=yes
ac_cv_header_strings_h=yes
ac_cv_header_sys_stat_h=yes
ac_cv_header_sys_types_h=yes
ac_cv_header_unistd_h=yes
ac_cv_header_wchar_h=no
ac_cv_host=x86_64-w64-mingw32
ac_cv_objext=o
ac_cv_path_EGREP='/bin/grep -E'
ac_cv_path_FGREP='/bin/grep -F'
ac_cv_path_GREP=/bin/grep
ac_cv_path_SED=/bin/sed
ac_cv_path_SWIG=/usr/local/bin/swig
ac_cv_path_install='/bin/install -c'
ac_cv_path_mkdir=/bin/mkdir
ac_cv_prog_AWK=gawk
ac_cv_prog_CC=x86_64-w64-mingw32-gcc
ac_cv_prog_CPP='x86_64-w64-mingw32-gcc -E'
ac_cv_prog_CXX=x86_64-w64-mingw32-g++
ac_cv_prog_CXXCPP='x86_64-w64-mingw32-g++ -E'
ac_cv_prog_DLLTOOL=dlltool
ac_cv_prog_OBJDUMP=objdump
ac_cv_prog_STRIP=strip
ac_cv_prog_ac_ct_AR=ar
ac_cv_prog_ac_ct_AS=as
ac_cv_prog_ac_ct_DLLTOOL=dlltool
ac_cv_prog_ac_ct_DUMPBIN='link -dump'
ac_cv_prog_ac_ct_OBJDUMP=objdump
ac_cv_prog_ac_ct_RANLIB=ranlib
ac_cv_prog_ac_ct_STRIP=strip
ac_cv_prog_cc_c89=
ac_cv_prog_cc_g=yes
ac_cv_prog_cxx_g=yes
ac_cv_prog_make_make_set=yes
ac_cv_target=x86_64-w64-mingw32
am_cv_CC_dependencies_compiler_type=gcc3
am_cv_CXX_dependencies_compiler_type=gcc3
am_cv_prog_cc_stdc=
lt_cv_ar_at_file=@
lt_cv_archive_cmds_need_lc=yes
lt_cv_deplibs_check_method='file_magic ^x86 archive import|^x86 DLL'
lt_cv_file_magic_cmd=func_win32_libid
lt_cv_file_magic_test_file=
lt_cv_ld_reload_flag=-r
lt_cv_nm_interface='BSD nm'
lt_cv_objdir=.libs
lt_cv_path_LD=d:/mingw64/mingw64/x86_64-w64-mingw32/bin/ld.exe
lt_cv_path_LDCXX=d:/mingw64/mingw64/x86_64-w64-mingw32/bin/ld.exe
lt_cv_path_NM=no
lt_cv_path_mainfest_tool=no
lt_cv_prog_compiler_c_o=yes
lt_cv_prog_compiler_c_o_CXX=yes
lt_cv_prog_compiler_pic='-DDLL_EXPORT -DPIC'
lt_cv_prog_compiler_pic_CXX='-DDLL_EXPORT -DPIC'
lt_cv_prog_compiler_pic_works=yes
lt_cv_prog_compiler_pic_works_CXX=yes
lt_cv_prog_compiler_rtti_exceptions=no
lt_cv_prog_compiler_static_works=yes
lt_cv_prog_compiler_static_works_CXX=yes
lt_cv_prog_gnu_ld=yes
lt_cv_prog_gnu_ldcxx=yes
lt_cv_sharedlib_from_linklib_cmd=func_cygming_dll_for_implib
lt_cv_sys_global_symbol_pipe='sed -n -e '\''s/^.*[	 ]\([ABCDGIRSTW][ABCDGIRSTW]*\)[	 ][	 ]*\([_A-Za-z][_A-Za-z0-9]*\)\{0,1\}$/\1 \2 \2/p'\'' | sed '\''/ __gnu_lto/d'\'''
lt_cv_sys_global_symbol_to_c_name_address='sed -n -e '\''s/^: \([^ ]*\)[ ]*$/  {\"\1\", (void *) 0},/p'\'' -e '\''s/^[ABCDGIRSTW]* \([^ ]*\) \([^ ]*\)$/  {"\2", (void *) \&\2},/p'\'''
lt_cv_sys_global_symbol_to_c_name_address_lib_prefix='sed -n -e '\''s/^: \([^ ]*\)[ ]*$/  {\"\1\", (void *) 0},/p'\'' -e '\''s/^[ABCDGIRSTW]* \([^ ]*\) \(lib[^ ]*\)$/  {"\2", (void *) \&\2},/p'\'' -e '\''s/^[ABCDGIRSTW]* \([^ ]*\) \([^ ]*\)$/  {"lib\2", (void *) \&\2},/p'\'''
lt_cv_sys_global_symbol_to_cdecl='sed -n -e '\''s/^T .* \(.*\)$/extern int \1();/p'\'' -e '\''s/^[ABCDGIRSTW]* .* \(.*\)$/extern char \1;/p'\'''
lt_cv_sys_max_cmd_len=8192
lt_cv_to_host_file_cmd=func_convert_file_msys_to_w32
lt_cv_to_tool_file_cmd=func_convert_file_msys_to_w32

## ----------------- ##
## Output variables. ##
## ----------------- ##

ACLOCAL='${SHELL} /d/users/ralph/git/WarpCTL/extra/JNVML/missing --run aclocal-1.11'
AMDEPBACKSLASH='\'
AMDEP_FALSE='#'
AMDEP_TRUE=''
AMTAR='${SHELL} /d/users/ralph/git/WarpCTL/extra/JNVML/missing --run tar'
AM_CXXFLAGS=' -I/d/opt/gdk_332.85_release/gdk_wddm_amd64_release/nvml/include -I/c/Program Files/Java/jdk1.6.0_45/include'
AR='ar'
AS='as'
AUTOCONF='${SHELL} /d/users/ralph/git/WarpCTL/extra/JNVML/missing --run autoconf'
AUTOHEADER='${SHELL} /d/users/ralph/git/WarpCTL/extra/JNVML/missing --run autoheader'
AUTOMAKE='${SHELL} /d/users/ralph/git/WarpCTL/extra/JNVML/missing --run automake-1.11'
AWK='gawk'
CC='x86_64-w64-mingw32-gcc'
CCDEPMODE='depmode=gcc3'
CFLAGS='-g -O2'
CPP='x86_64-w64-mingw32-gcc -E'
CPPFLAGS=' -I/d/opt/gdk_332.85_release/gdk_wddm_amd64_release/nvml/include -I'\''/c/Program Files/Java/jdk1.6.0_45/include'\'' -I'\''/c/Program Files/Java/jdk1.6.0_45/include/win32'\'''
CXX='x86_64-w64-mingw32-g++'
CXXCPP='x86_64-w64-mingw32-g++ -E'
CXXDEPMODE='depmode=gcc3'
CXXFLAGS='-g -O2'
CYGPATH_W='echo'
DEFS='-DHAVE_CONFIG_H'
DEPDIR='.deps'
DLLTOOL='dlltool'
DSYMUTIL=''
DUMPBIN=':'
ECHO_C=''
ECHO_N='-n'
ECHO_T=''
EGREP='/bin/grep -E'
EXEEXT='.exe'
FGREP='/bin/grep -F'
GREP='/bin/grep'
INSTALL_DATA='${INSTALL} -m 644'
INSTALL_PROGRAM='${INSTALL}'
INSTALL_SCRIPT='${INSTALL}'
INSTALL_STRIP_PROGRAM='$(install_sh) -c -s'
JAVA_HOME='/c/Program Files/Java/jdk1.6.0_45'
LD='d:/mingw64/mingw64/x86_64-w64-mingw32/bin/ld.exe'
LDFLAGS=' -no-undefined'
LIB2A='/d/opt/LIB2A-2.0/LIB2A/'
LIBOBJS=' ${LIBOBJDIR}malloc$U.o'
LIBS=''
LIBTOOL='$(SHELL) $(top_builddir)/libtool'
LIPO=''
LN_S='cp -p'
LTLIBOBJS=' ${LIBOBJDIR}malloc$U.lo'
MAKEINFO='${SHELL} /d/users/ralph/git/WarpCTL/extra/JNVML/missing --run makeinfo'
MANIFEST_TOOL=':'
MKDIR_P='/bin/mkdir -p'
NM='nm'
NMEDIT=''
NVML='/d/opt/gdk_332.85_release/gdk_wddm_amd64_release/nvml'
OBJDUMP='objdump'
OBJEXT='o'
OS_DIRS=' win'
OTOOL64=''
OTOOL=''
PACKAGE='full-package-name'
PACKAGE_BUGREPORT='BUG-REPORT-ADDRESS'
PACKAGE_NAME='FULL-PACKAGE-NAME'
PACKAGE_STRING='FULL-PACKAGE-NAME VERSION'
PACKAGE_TARNAME='full-package-name'
PACKAGE_URL=''
PACKAGE_VERSION='VERSION'
PATH_SEPARATOR=':'
RANLIB='ranlib'
SED='/bin/sed'
SET_MAKE=''
SHELL='/bin/sh'
STRIP='strip'
SWIG='/usr/local/bin/swig'
SWIG_LIB='D:/msys64/local/share/swig/3.0.0'
SWIG_PLATFORM_ARGS='-I'\''/c/Program Files/Java/jdk1.6.0_45/include/win32'\'''
TARGET_TRIPLET='x86_64-w64-mingw32'
VERSION='VERSION'
ac_ct_AR='ar'
ac_ct_CC=''
ac_ct_CXX=''
ac_ct_DUMPBIN='link -dump'
am__EXEEXT_FALSE='#'
am__EXEEXT_TRUE=''
am__fastdepCC_FALSE='#'
am__fastdepCC_TRUE=''
am__fastdepCXX_FALSE='#'
am__fastdepCXX_TRUE=''
am__include='include'
am__isrc=' -I$(srcdir)'
am__leading_dot='.'
am__quote=''
am__tar='${AMTAR} chof - "$$tardir"'
am__untar='${AMTAR} xf -'
bindir='${exec_prefix}/bin'
build='i686-pc-mingw32'
build_alias=''
build_cpu='i686'
build_os='mingw32'
build_vendor='pc'
datadir='${datarootdir}'
datarootdir='${prefix}/share'
docdir='${datarootdir}/doc/${PACKAGE_TARNAME}'
dvidir='${docdir}'
exec_prefix='${prefix}'
host='x86_64-w64-mingw32'
host_alias='x86_64-w64-mingw32'
host_cpu='x86_64'
host_os='mingw32'
host_vendor='w64'
htmldir='${docdir}'
includedir='${prefix}/include'
infodir='${datarootdir}/info'
install_sh='${SHELL} /d/users/ralph/git/WarpCTL/extra/JNVML/install-sh'
libdir='${exec_prefix}/lib'
libexecdir='${exec_prefix}/libexec'
localedir='${datarootdir}/locale'
localstatedir='${prefix}/var'
mandir='${datarootdir}/man'
mkdir_p='/bin/mkdir -p'
oldincludedir='/usr/include'
pdfdir='${docdir}'
prefix='/usr'
program_transform_name='s,x,x,'
psdir='${docdir}'
sbindir='${exec_prefix}/sbin'
sharedstatedir='${prefix}/com'
sysconfdir='${prefix}/etc'
target='x86_64-w64-mingw32'
target_alias=''
target_cpu='x86_64'
target_os='mingw32'
target_vendor='w64'

## ----------- ##
## confdefs.h. ##
## ----------- ##

/* confdefs.h */
#define PACKAGE_NAME "FULL-PACKAGE-NAME"
#define PACKAGE_TARNAME "full-package-name"
#define PACKAGE_VERSION "VERSION"
#define PACKAGE_STRING "FULL-PACKAGE-NAME VERSION"
#define PACKAGE_BUGREPORT "BUG-REPORT-ADDRESS"
#define PACKAGE_URL ""
#define PACKAGE "full-package-name"
#define VERSION "VERSION"
#define STDC_HEADERS 1
#define HAVE_SYS_TYPES_H 1
#define HAVE_SYS_STAT_H 1
#define HAVE_STDLIB_H 1
#define HAVE_STRING_H 1
#define HAVE_MEMORY_H 1
#define HAVE_STRINGS_H 1
#define HAVE_INTTYPES_H 1
#define HAVE_STDINT_H 1
#define HAVE_UNISTD_H 1
#define LT_OBJDIR ".libs/"
#define _WIN32_WINNT 0x0501
#define HAVE_STDLIB_H 1
#define HAVE_STRING_H 1
#define HAVE_UNISTD_H 1
#define HAVE_STDLIB_H 1
#define HAVE_MALLOC 0
#define malloc rpl_malloc

configure: exit 0

## ---------------------- ##
## Running config.status. ##
## ---------------------- ##

This file was extended by FULL-PACKAGE-NAME config.status VERSION, which was
generated by GNU Autoconf 2.68.  Invocation command line was

  CONFIG_FILES    = 
  CONFIG_HEADERS  = 
  CONFIG_LINKS    = 
  CONFIG_COMMANDS = 
  $ ./config.status config.h

on AsusNBA

config.status:1195: creating config.h
config.status:1361: config.h is unchanged
