This file contains any messages produced by compilers while
running configure, to aid debugging if configure makes a mistake.

It was created by FULL-PACKAGE-NAME configure VERSION, which was
generated by GNU Autoconf 2.68.  Invocation command line was

  $ ../configure --with-adlsdk=/h/opt/ADL-SDK --with-jre=/c/Program Files/Java/jdk1.6.0_45

## --------- ##
## Platform. ##
## --------- ##

hostname = AsusNBA
uname -m = i686
uname -r = 1.0.18(0.48/3/2)
uname -s = MINGW32_NT-6.2
uname -v = 2012-11-21 22:34

/usr/bin/uname -p = unknown
/bin/uname -X     = unknown

/bin/arch              = unknown
/usr/bin/arch -k       = unknown
/usr/convex/getsysinfo = unknown
/usr/bin/hostinfo      = unknown
/bin/machine           = unknown
/usr/bin/oslevel       = unknown
/bin/universe          = unknown

PATH: .
PATH: /usr/local/bin
PATH: /mingw/bin
PATH: /bin
PATH: /c/Program Files (x86)/NVIDIA Corporation/PhysX/Common
PATH: /c/Program Files/NVIDIA GPU Computing Toolkit/CUDA/v6.0/bin
PATH: /c/Program Files/NVIDIA GPU Computing Toolkit/CUDA/v6.0/libnvvp
PATH: /c/Program Files/Java/jdk1.7.0_55/bin
PATH: /c/Program Files (x86)/PHP/v5.4
PATH: /c/Windows/system32/inetsrv
PATH: /c/Program Files (x86)/iis express/PHP/v5.4
PATH: /c/Program Files (x86)/Intel/iCLS Client/
PATH: /c/Program Files/Intel/iCLS Client/
PATH: /c/Windows/system32
PATH: /c/Windows
PATH: /c/Windows/System32/Wbem
PATH: /c/Windows/System32/WindowsPowerShell/v1.0/
PATH: /c/Program Files (x86)/Windows Live/Shared
PATH: /c/Program Files/Intel/Intel(R) Management Engine Components/DAL
PATH: /c/Program Files/Intel/Intel(R) Management Engine Components/IPT
PATH: /c/Program Files (x86)/Intel/Intel(R) Management Engine Components/DAL
PATH: /c/Program Files (x86)/Intel/Intel(R) Management Engine Components/IPT
PATH: /c/Program Files/TortoiseSVN/bin
PATH: /c/Program Files/Microsoft/Web Platform Installer/
PATH: /c/Program Files (x86)/MySQL/MySQL Utilities 1.3.4/
PATH: /c/Program Files (x86)/Common Files/Intuit/QBPOSSDKRuntime
PATH: /c/Program Files (x86)/GTK/bin
PATH: /c/WINDOWS/system32
PATH: /c/WINDOWS
PATH: /c/WINDOWS/System32/Wbem
PATH: /c/WINDOWS/System32/WindowsPowerShell/v1.0/
PATH: /c/RailsInstaller/Git/cmd
PATH: /c/RailsInstaller/Ruby1.9.3/bin
PATH: /c/Program Files/smartmontools/bin
PATH: /c/MinGW/bin
PATH: /c/opt/lein/bin
PATH: /c/MinGW/bin


## ----------- ##
## Core tests. ##
## ----------- ##

configure:2365: checking build system type
configure:2379: result: i686-pc-mingw32
configure:2399: checking host system type
configure:2412: result: i686-pc-mingw32
configure:2432: checking target system type
configure:2445: result: i686-pc-mingw32
configure:2488: checking for a BSD-compatible install
configure:2556: result: /bin/install -c
configure:2567: checking whether build environment is sane
configure:2617: result: yes
configure:2758: checking for a thread-safe mkdir -p
configure:2797: result: /bin/mkdir -p
configure:2810: checking for gawk
configure:2826: found /bin/gawk
configure:2837: result: gawk
configure:2848: checking whether make sets $(MAKE)
configure:2870: result: yes
configure:3011: checking how to print strings
configure:3038: result: printf
configure:3071: checking for style of include used by make
configure:3099: result: GNU
configure:3169: checking for gcc
configure:3185: found /bin/gcc
configure:3196: result: gcc
configure:3425: checking for C compiler version
configure:3434: gcc --version >&5
gcc (GCC) 3.4.4 (msys special)
Copyright (C) 2004 Free Software Foundation, Inc.
This is free software; see the source for copying conditions.  There is NO
warranty; not even for MERCHANTABILITY or FITNESS FOR A PARTICULAR PURPOSE.

configure:3445: $? = 0
configure:3434: gcc -v >&5
Reading specs from /usr/lib/gcc/i686-pc-msys/3.4.4/specs
Configured with: /home/cstrauss/build/gcc3/gcc-3.4.4/configure --prefix=/usr --sysconfdir=/etc --localstatedir=/var --infodir=/share/info --mandir=/share/man --libexecdir=/lib --enable-languages=c,c++ --disable-nls --enable-threads=posix --enable-sjlj-exceptions --enable-hash-synchronization --enable-libstdcxx-debug --with-newlib
Thread model: posix
gcc version 3.4.4 (msys special)
configure:3445: $? = 0
configure:3434: gcc -V >&5
gcc: `-V' option must have argument
configure:3445: $? = 1
configure:3434: gcc -qversion >&5
gcc: unrecognized option `-qversion'
gcc: no input files
configure:3445: $? = 1
configure:3465: checking whether the C compiler works
configure:3487: gcc    conftest.c  >&5
configure:3491: $? = 0
configure:3539: result: yes
configure:3542: checking for C compiler default output file name
configure:3544: result: a.exe
configure:3550: checking for suffix of executables
configure:3557: gcc -o conftest.exe    conftest.c  >&5
configure:3561: $? = 0
configure:3583: result: .exe
configure:3605: checking whether we are cross compiling
configure:3613: gcc -o conftest.exe    conftest.c  >&5
configure:3617: $? = 0
configure:3624: ./conftest.exe
configure:3628: $? = 0
configure:3643: result: no
configure:3648: checking for suffix of object files
configure:3670: gcc -c   conftest.c >&5
configure:3674: $? = 0
configure:3695: result: o
configure:3699: checking whether we are using the GNU C compiler
configure:3718: gcc -c   conftest.c >&5
configure:3718: $? = 0
configure:3727: result: yes
configure:3736: checking whether gcc accepts -g
configure:3756: gcc -c -g  conftest.c >&5
configure:3756: $? = 0
configure:3797: result: yes
configure:3814: checking for gcc option to accept ISO C89
configure:3878: gcc  -c -g -O2  conftest.c >&5
configure:3878: $? = 0
configure:3891: result: none needed
configure:3913: checking dependency style of gcc
configure:4023: result: gcc3
configure:4038: checking for a sed that does not truncate output
configure:4102: result: /bin/sed
configure:4120: checking for grep that handles long lines and -e
configure:4178: result: /bin/grep
configure:4183: checking for egrep
configure:4245: result: /bin/grep -E
configure:4250: checking for fgrep
configure:4312: result: /bin/grep -F
configure:4347: checking for ld used by gcc
configure:4414: result: /bin/ld
configure:4421: checking if the linker (/bin/ld) is GNU ld
configure:4436: result: yes
configure:4448: checking for BSD- or MS-compatible name lister (nm)
configure:4497: result: /bin/nm -B
configure:4627: checking the name lister (/bin/nm -B) interface
configure:4634: gcc -c -g -O2  conftest.c >&5
configure:4637: /bin/nm -B "conftest.o"
configure:4640: output
00000000 b .bss
00000000 d .data
00000000 N .stab
00000000 N .stabstr
00000000 t .text
00000000 B _some_variable
configure:4647: result: BSD nm
configure:4650: checking whether ln -s works
configure:4657: result: no, using cp -p
configure:4662: checking the maximum length of command line arguments
configure:4793: result: 8192
configure:4810: checking whether the shell understands some XSI constructs
configure:4820: result: yes
configure:4824: checking whether the shell understands "+="
configure:4830: result: yes
configure:4865: checking how to convert i686-pc-mingw32 file names to i686-pc-mingw32 format
configure:4905: result: func_convert_file_msys_to_w32
configure:4912: checking how to convert i686-pc-mingw32 file names to toolchain format
configure:4932: result: func_convert_file_msys_to_w32
configure:4939: checking for /bin/ld option to reload object files
configure:4946: result: -r
configure:5020: checking for objdump
configure:5036: found /bin/objdump
configure:5047: result: objdump
configure:5079: checking how to recognize dependent libraries
configure:5277: result: file_magic ^x86 archive import|^x86 DLL
configure:5362: checking for dlltool
configure:5378: found /bin/dlltool
configure:5389: result: dlltool
configure:5422: checking how to associate runtime and link libraries
configure:5449: result: func_cygming_dll_for_implib
configure:5510: checking for ar
configure:5526: found /bin/ar
configure:5537: result: ar
configure:5574: checking for archiver @FILE support
configure:5591: gcc -c -g -O2  conftest.c >&5
configure:5591: $? = 0
configure:5594: ar cru libconftest.a @conftest.lst >&5
configure:5597: $? = 0
configure:5602: ar cru libconftest.a @conftest.lst >&5
ar: conftest.o: No such file or directory
configure:5605: $? = 1
configure:5617: result: @
configure:5675: checking for strip
configure:5691: found /bin/strip
configure:5702: result: strip
configure:5774: checking for ranlib
configure:5790: found /bin/ranlib
configure:5801: result: ranlib
configure:5903: checking command to parse /bin/nm -B output from gcc object
configure:6023: gcc -c -g -O2  conftest.c >&5
configure:6026: $? = 0
configure:6030: /bin/nm -B conftest.o \| sed -n -e 's/^.*[ ]\([ABCDGIRSTW][ABCDGIRSTW]*\)[ ][ ]*\([_A-Za-z][_A-Za-z0-9]*\)\{0,1\}$/\1 \2 \2/p' | sed '/ __gnu_lto/d' \> conftest.nm
configure:6033: $? = 0
cannot find nm_test_var in conftest.nm
configure:6023: gcc -c -g -O2  conftest.c >&5
configure:6026: $? = 0
configure:6030: /bin/nm -B conftest.o \| sed -n -e 's/^.*[ ]\([ABCDGIRSTW][ABCDGIRSTW]*\)[ ][ ]*_\([_A-Za-z][_A-Za-z0-9]*\)\{0,1\}$/\1 _\2 \2/p' | sed '/ __gnu_lto/d' \> conftest.nm
configure:6033: $? = 0
configure:6099: gcc -o conftest.exe -g -O2   conftest.c conftstm.o >&5
configure:6102: $? = 0
configure:6140: result: ok
configure:6177: checking for sysroot
configure:6207: result: no
configure:6476: checking for mt
configure:6506: result: no
configure:6526: checking if : is a manifest tool
configure:6532: : '-?'
configure:6540: result: no
configure:7182: checking how to run the C preprocessor
configure:7213: gcc -E  conftest.c
configure:7213: $? = 0
configure:7227: gcc -E  conftest.c
conftest.c:11:28: ac_nonexistent.h: No such file or directory
configure:7227: $? = 1
configure: failed program was:
| /* confdefs.h */
| #define PACKAGE_NAME "FULL-PACKAGE-NAME"
| #define PACKAGE_TARNAME "full-package-name"
| #define PACKAGE_VERSION "VERSION"
| #define PACKAGE_STRING "FULL-PACKAGE-NAME VERSION"
| #define PACKAGE_BUGREPORT "BUG-REPORT-ADDRESS"
| #define PACKAGE_URL ""
| #define PACKAGE "full-package-name"
| #define VERSION "VERSION"
| /* end confdefs.h.  */
| #include <ac_nonexistent.h>
configure:7252: result: gcc -E
configure:7272: gcc -E  conftest.c
configure:7272: $? = 0
configure:7286: gcc -E  conftest.c
conftest.c:11:28: ac_nonexistent.h: No such file or directory
configure:7286: $? = 1
configure: failed program was:
| /* confdefs.h */
| #define PACKAGE_NAME "FULL-PACKAGE-NAME"
| #define PACKAGE_TARNAME "full-package-name"
| #define PACKAGE_VERSION "VERSION"
| #define PACKAGE_STRING "FULL-PACKAGE-NAME VERSION"
| #define PACKAGE_BUGREPORT "BUG-REPORT-ADDRESS"
| #define PACKAGE_URL ""
| #define PACKAGE "full-package-name"
| #define VERSION "VERSION"
| /* end confdefs.h.  */
| #include <ac_nonexistent.h>
configure:7315: checking for ANSI C header files
configure:7335: gcc -c -g -O2  conftest.c >&5
configure:7335: $? = 0
configure:7408: gcc -o conftest.exe -g -O2   conftest.c  >&5
configure:7408: $? = 0
configure:7408: ./conftest.exe
configure:7408: $? = 0
configure:7419: result: yes
configure:7432: checking for sys/types.h
configure:7432: gcc -c -g -O2  conftest.c >&5
configure:7432: $? = 0
configure:7432: result: yes
configure:7432: checking for sys/stat.h
configure:7432: gcc -c -g -O2  conftest.c >&5
configure:7432: $? = 0
configure:7432: result: yes
configure:7432: checking for stdlib.h
configure:7432: gcc -c -g -O2  conftest.c >&5
configure:7432: $? = 0
configure:7432: result: yes
configure:7432: checking for string.h
configure:7432: gcc -c -g -O2  conftest.c >&5
configure:7432: $? = 0
configure:7432: result: yes
configure:7432: checking for memory.h
configure:7432: gcc -c -g -O2  conftest.c >&5
configure:7432: $? = 0
configure:7432: result: yes
configure:7432: checking for strings.h
configure:7432: gcc -c -g -O2  conftest.c >&5
configure:7432: $? = 0
configure:7432: result: yes
configure:7432: checking for inttypes.h
configure:7432: gcc -c -g -O2  conftest.c >&5
conftest.c:52:22: inttypes.h: No such file or directory
configure:7432: $? = 1
configure: failed program was:
| /* confdefs.h */
| #define PACKAGE_NAME "FULL-PACKAGE-NAME"
| #define PACKAGE_TARNAME "full-package-name"
| #define PACKAGE_VERSION "VERSION"
| #define PACKAGE_STRING "FULL-PACKAGE-NAME VERSION"
| #define PACKAGE_BUGREPORT "BUG-REPORT-ADDRESS"
| #define PACKAGE_URL ""
| #define PACKAGE "full-package-name"
| #define VERSION "VERSION"
| #define STDC_HEADERS 1
| #define HAVE_SYS_TYPES_H 1
| #define HAVE_SYS_STAT_H 1
| #define HAVE_STDLIB_H 1
| #define HAVE_STRING_H 1
| #define HAVE_MEMORY_H 1
| #define HAVE_STRINGS_H 1
| /* end confdefs.h.  */
| #include <stdio.h>
| #ifdef HAVE_SYS_TYPES_H
| # include <sys/types.h>
| #endif
| #ifdef HAVE_SYS_STAT_H
| # include <sys/stat.h>
| #endif
| #ifdef STDC_HEADERS
| # include <stdlib.h>
| # include <stddef.h>
| #else
| # ifdef HAVE_STDLIB_H
| #  include <stdlib.h>
| # endif
| #endif
| #ifdef HAVE_STRING_H
| # if !defined STDC_HEADERS && defined HAVE_MEMORY_H
| #  include <memory.h>
| # endif
| # include <string.h>
| #endif
| #ifdef HAVE_STRINGS_H
| # include <strings.h>
| #endif
| #ifdef HAVE_INTTYPES_H
| # include <inttypes.h>
| #endif
| #ifdef HAVE_STDINT_H
| # include <stdint.h>
| #endif
| #ifdef HAVE_UNISTD_H
| # include <unistd.h>
| #endif
| 
| #include <inttypes.h>
configure:7432: result: no
configure:7432: checking for stdint.h
configure:7432: gcc -c -g -O2  conftest.c >&5
conftest.c:52:20: stdint.h: No such file or directory
configure:7432: $? = 1
configure: failed program was:
| /* confdefs.h */
| #define PACKAGE_NAME "FULL-PACKAGE-NAME"
| #define PACKAGE_TARNAME "full-package-name"
| #define PACKAGE_VERSION "VERSION"
| #define PACKAGE_STRING "FULL-PACKAGE-NAME VERSION"
| #define PACKAGE_BUGREPORT "BUG-REPORT-ADDRESS"
| #define PACKAGE_URL ""
| #define PACKAGE "full-package-name"
| #define VERSION "VERSION"
| #define STDC_HEADERS 1
| #define HAVE_SYS_TYPES_H 1
| #define HAVE_SYS_STAT_H 1
| #define HAVE_STDLIB_H 1
| #define HAVE_STRING_H 1
| #define HAVE_MEMORY_H 1
| #define HAVE_STRINGS_H 1
| /* end confdefs.h.  */
| #include <stdio.h>
| #ifdef HAVE_SYS_TYPES_H
| # include <sys/types.h>
| #endif
| #ifdef HAVE_SYS_STAT_H
| # include <sys/stat.h>
| #endif
| #ifdef STDC_HEADERS
| # include <stdlib.h>
| # include <stddef.h>
| #else
| # ifdef HAVE_STDLIB_H
| #  include <stdlib.h>
| # endif
| #endif
| #ifdef HAVE_STRING_H
| # if !defined STDC_HEADERS && defined HAVE_MEMORY_H
| #  include <memory.h>
| # endif
| # include <string.h>
| #endif
| #ifdef HAVE_STRINGS_H
| # include <strings.h>
| #endif
| #ifdef HAVE_INTTYPES_H
| # include <inttypes.h>
| #endif
| #ifdef HAVE_STDINT_H
| # include <stdint.h>
| #endif
| #ifdef HAVE_UNISTD_H
| # include <unistd.h>
| #endif
| 
| #include <stdint.h>
configure:7432: result: no
configure:7432: checking for unistd.h
configure:7432: gcc -c -g -O2  conftest.c >&5
configure:7432: $? = 0
configure:7432: result: yes
configure:7446: checking for dlfcn.h
configure:7446: gcc -c -g -O2  conftest.c >&5
configure:7446: $? = 0
configure:7446: result: yes
configure:7652: checking for objdir
configure:7667: result: .libs
configure:7938: checking if gcc supports -fno-rtti -fno-exceptions
configure:7956: gcc -c -g -O2  -fno-rtti -fno-exceptions conftest.c >&5
cc1.exe: warning: command line option "-fno-rtti" is valid for C++/ObjC++ but not for C
configure:7960: $? = 0
configure:7973: result: no
configure:8300: checking for gcc option to produce PIC
configure:8307: result: -DDLL_EXPORT -DPIC
configure:8315: checking if gcc PIC flag -DDLL_EXPORT -DPIC works
configure:8333: gcc -c -g -O2  -DDLL_EXPORT -DPIC -DPIC conftest.c >&5
configure:8337: $? = 0
configure:8350: result: yes
configure:8379: checking if gcc static flag -static works
configure:8407: result: no
configure:8422: checking if gcc supports -c -o file.o
configure:8443: gcc -c -g -O2  -o out/conftest2.o conftest.c >&5
configure:8447: $? = 0
configure:8469: result: yes
configure:8477: checking if gcc supports -c -o file.o
configure:8524: result: yes
configure:8557: checking whether the gcc linker (/bin/ld) supports shared libraries
configure:9714: result: yes
configure:9751: checking whether -lc should be explicitly linked in
configure:9759: gcc -c -g -O2  conftest.c >&5
configure:9762: $? = 0
configure:9777: gcc -shared conftest.o  -v -o ./conftest -Wl,--enable-auto-image-base -Xlinker --out-implib -Xlinker conftest 2\>\&1 \| /bin/grep  -lc  \>/dev/null 2\>\&1
configure:9780: $? = 1
configure:9794: result: yes
configure:9954: checking dynamic linker characteristics
configure:10688: result: Win32 ld.exe
configure:10795: checking how to hardcode library paths into programs
configure:10820: result: immediate
configure:11360: checking whether stripping libraries is possible
configure:11365: result: yes
configure:11400: checking if libtool supports shared libraries
configure:11402: result: yes
configure:11405: checking whether to build shared libraries
configure:11426: result: yes
configure:11429: checking whether to build static libraries
configure:11433: result: yes
configure:11600: checking for as
configure:11616: found /bin/as
configure:11627: result: as
configure:11692: checking for dlltool
configure:11719: result: dlltool
configure:11784: checking for objdump
configure:11811: result: objdump
configure:12039: checking for g++
configure:12055: found /bin/g++
configure:12066: result: g++
configure:12093: checking for C++ compiler version
configure:12102: g++ --version >&5
g++ (GCC) 3.4.4 (msys special)
Copyright (C) 2004 Free Software Foundation, Inc.
This is free software; see the source for copying conditions.  There is NO
warranty; not even for MERCHANTABILITY or FITNESS FOR A PARTICULAR PURPOSE.

configure:12113: $? = 0
configure:12102: g++ -v >&5
Reading specs from /usr/lib/gcc/i686-pc-msys/3.4.4/specs
Configured with: /home/cstrauss/build/gcc3/gcc-3.4.4/configure --prefix=/usr --sysconfdir=/etc --localstatedir=/var --infodir=/share/info --mandir=/share/man --libexecdir=/lib --enable-languages=c,c++ --disable-nls --enable-threads=posix --enable-sjlj-exceptions --enable-hash-synchronization --enable-libstdcxx-debug --with-newlib
Thread model: posix
gcc version 3.4.4 (msys special)
configure:12113: $? = 0
configure:12102: g++ -V >&5
g++: `-V' option must have argument
configure:12113: $? = 1
configure:12102: g++ -qversion >&5
g++: unrecognized option `-qversion'
g++: no input files
configure:12113: $? = 1
configure:12117: checking whether we are using the GNU C++ compiler
configure:12136: g++ -c   conftest.cpp >&5
configure:12136: $? = 0
configure:12145: result: yes
configure:12154: checking whether g++ accepts -g
configure:12174: g++ -c -g  conftest.cpp >&5
configure:12174: $? = 0
configure:12215: result: yes
configure:12240: checking dependency style of g++
configure:12350: result: gcc3
configure:12383: checking how to run the C++ preprocessor
configure:12410: g++ -E  conftest.cpp
configure:12410: $? = 0
configure:12424: g++ -E  conftest.cpp
conftest.cpp:22:28: ac_nonexistent.h: No such file or directory
configure:12424: $? = 1
configure: failed program was:
| /* confdefs.h */
| #define PACKAGE_NAME "FULL-PACKAGE-NAME"
| #define PACKAGE_TARNAME "full-package-name"
| #define PACKAGE_VERSION "VERSION"
| #define PACKAGE_STRING "FULL-PACKAGE-NAME VERSION"
| #define PACKAGE_BUGREPORT "BUG-REPORT-ADDRESS"
| #define PACKAGE_URL ""
| #define PACKAGE "full-package-name"
| #define VERSION "VERSION"
| #define STDC_HEADERS 1
| #define HAVE_SYS_TYPES_H 1
| #define HAVE_SYS_STAT_H 1
| #define HAVE_STDLIB_H 1
| #define HAVE_STRING_H 1
| #define HAVE_MEMORY_H 1
| #define HAVE_STRINGS_H 1
| #define HAVE_UNISTD_H 1
| #define HAVE_DLFCN_H 1
| #define LT_OBJDIR ".libs/"
| #define _WIN32_WINNT 0x0501
| /* end confdefs.h.  */
| #include <ac_nonexistent.h>
configure:12449: result: g++ -E
configure:12469: g++ -E  conftest.cpp
configure:12469: $? = 0
configure:12483: g++ -E  conftest.cpp
conftest.cpp:22:28: ac_nonexistent.h: No such file or directory
configure:12483: $? = 1
configure: failed program was:
| /* confdefs.h */
| #define PACKAGE_NAME "FULL-PACKAGE-NAME"
| #define PACKAGE_TARNAME "full-package-name"
| #define PACKAGE_VERSION "VERSION"
| #define PACKAGE_STRING "FULL-PACKAGE-NAME VERSION"
| #define PACKAGE_BUGREPORT "BUG-REPORT-ADDRESS"
| #define PACKAGE_URL ""
| #define PACKAGE "full-package-name"
| #define VERSION "VERSION"
| #define STDC_HEADERS 1
| #define HAVE_SYS_TYPES_H 1
| #define HAVE_SYS_STAT_H 1
| #define HAVE_STDLIB_H 1
| #define HAVE_STRING_H 1
| #define HAVE_MEMORY_H 1
| #define HAVE_STRINGS_H 1
| #define HAVE_UNISTD_H 1
| #define HAVE_DLFCN_H 1
| #define LT_OBJDIR ".libs/"
| #define _WIN32_WINNT 0x0501
| /* end confdefs.h.  */
| #include <ac_nonexistent.h>
configure:12652: checking for ld used by g++
configure:12719: result: /bin/ld
configure:12726: checking if the linker (/bin/ld) is GNU ld
configure:12741: result: yes
configure:12796: checking whether the g++ linker (/bin/ld) supports shared libraries
configure:13798: result: yes
configure:13834: g++ -c -g -O2  conftest.cpp >&5
configure:13837: $? = 0
configure:14357: checking for g++ option to produce PIC
configure:14364: result: -DDLL_EXPORT -DPIC
configure:14372: checking if g++ PIC flag -DDLL_EXPORT -DPIC works
configure:14390: g++ -c -g -O2  -DDLL_EXPORT -DPIC -DPIC conftest.cpp >&5
configure:14394: $? = 0
configure:14407: result: yes
configure:14430: checking if g++ static flag -static works
configure:14458: result: no
configure:14470: checking if g++ supports -c -o file.o
configure:14491: g++ -c -g -O2  -o out/conftest2.o conftest.cpp >&5
configure:14495: $? = 0
configure:14517: result: yes
configure:14522: checking if g++ supports -c -o file.o
configure:14569: result: yes
configure:14599: checking whether the g++ linker (/bin/ld) supports shared libraries
configure:14638: result: yes
configure:14779: checking dynamic linker characteristics
configure:15447: result: Win32 ld.exe
configure:15500: checking how to hardcode library paths into programs
configure:15525: result: immediate
configure:15569: checking for gawk
configure:15596: result: gawk
configure:15655: checking for gcc
configure:15682: result: gcc
configure:15911: checking for C compiler version
configure:15920: gcc --version >&5
gcc (GCC) 3.4.4 (msys special)
Copyright (C) 2004 Free Software Foundation, Inc.
This is free software; see the source for copying conditions.  There is NO
warranty; not even for MERCHANTABILITY or FITNESS FOR A PARTICULAR PURPOSE.

configure:15931: $? = 0
configure:15920: gcc -v >&5
Reading specs from /usr/lib/gcc/i686-pc-msys/3.4.4/specs
Configured with: /home/cstrauss/build/gcc3/gcc-3.4.4/configure --prefix=/usr --sysconfdir=/etc --localstatedir=/var --infodir=/share/info --mandir=/share/man --libexecdir=/lib --enable-languages=c,c++ --disable-nls --enable-threads=posix --enable-sjlj-exceptions --enable-hash-synchronization --enable-libstdcxx-debug --with-newlib
Thread model: posix
gcc version 3.4.4 (msys special)
configure:15931: $? = 0
configure:15920: gcc -V >&5
gcc: `-V' option must have argument
configure:15931: $? = 1
configure:15920: gcc -qversion >&5
gcc: unrecognized option `-qversion'
gcc: no input files
configure:15931: $? = 1
configure:15935: checking whether we are using the GNU C compiler
configure:15963: result: yes
configure:15972: checking whether gcc accepts -g
configure:16033: result: yes
configure:16050: checking for gcc option to accept ISO C89
configure:16127: result: none needed
configure:16149: checking dependency style of gcc
configure:16259: result: gcc3
configure:16279: checking how to run the C preprocessor
configure:16349: result: gcc -E
configure:16369: gcc -E  conftest.c
configure:16369: $? = 0
configure:16383: gcc -E  conftest.c
conftest.c:22:28: ac_nonexistent.h: No such file or directory
configure:16383: $? = 1
configure: failed program was:
| /* confdefs.h */
| #define PACKAGE_NAME "FULL-PACKAGE-NAME"
| #define PACKAGE_TARNAME "full-package-name"
| #define PACKAGE_VERSION "VERSION"
| #define PACKAGE_STRING "FULL-PACKAGE-NAME VERSION"
| #define PACKAGE_BUGREPORT "BUG-REPORT-ADDRESS"
| #define PACKAGE_URL ""
| #define PACKAGE "full-package-name"
| #define VERSION "VERSION"
| #define STDC_HEADERS 1
| #define HAVE_SYS_TYPES_H 1
| #define HAVE_SYS_STAT_H 1
| #define HAVE_STDLIB_H 1
| #define HAVE_STRING_H 1
| #define HAVE_MEMORY_H 1
| #define HAVE_STRINGS_H 1
| #define HAVE_UNISTD_H 1
| #define HAVE_DLFCN_H 1
| #define LT_OBJDIR ".libs/"
| #define _WIN32_WINNT 0x0501
| /* end confdefs.h.  */
| #include <ac_nonexistent.h>
configure:16412: checking whether ln -s works
configure:16419: result: no, using cp -p
configure:16423: checking whether make sets $(MAKE)
configure:16445: result: yes
configure:16504: checking for gcc
configure:16531: result: gcc
configure:16760: checking for C compiler version
configure:16769: gcc --version >&5
gcc (GCC) 3.4.4 (msys special)
Copyright (C) 2004 Free Software Foundation, Inc.
This is free software; see the source for copying conditions.  There is NO
warranty; not even for MERCHANTABILITY or FITNESS FOR A PARTICULAR PURPOSE.

configure:16780: $? = 0
configure:16769: gcc -v >&5
Reading specs from /usr/lib/gcc/i686-pc-msys/3.4.4/specs
Configured with: /home/cstrauss/build/gcc3/gcc-3.4.4/configure --prefix=/usr --sysconfdir=/etc --localstatedir=/var --infodir=/share/info --mandir=/share/man --libexecdir=/lib --enable-languages=c,c++ --disable-nls --enable-threads=posix --enable-sjlj-exceptions --enable-hash-synchronization --enable-libstdcxx-debug --with-newlib
Thread model: posix
gcc version 3.4.4 (msys special)
configure:16780: $? = 0
configure:16769: gcc -V >&5
gcc: `-V' option must have argument
configure:16780: $? = 1
configure:16769: gcc -qversion >&5
gcc: unrecognized option `-qversion'
gcc: no input files
configure:16780: $? = 1
configure:16784: checking whether we are using the GNU C compiler
configure:16812: result: yes
configure:16821: checking whether gcc accepts -g
configure:16882: result: yes
configure:16899: checking for gcc option to accept ISO C89
configure:16976: result: none needed
configure:16998: checking dependency style of gcc
configure:17108: result: gcc3
configure:17128: checking for an ANSI C-conforming const
configure:17193: gcc -c -g -O2  conftest.c >&5
configure:17193: $? = 0
configure:17200: result: yes
configure:17216: checking for swig
configure:17234: found /usr/local/bin/swig
configure:17246: result: /usr/local/bin/swig
configure:17260: checking SWIG version
configure:17263: result: 2.0.9
configure:17312: checking for SWIG library
configure:17315: result: /usr/local/share/swig/2.0.9
configure:17399: checking for stdlib.h
configure:17399: result: yes
configure:17399: checking for string.h
configure:17399: result: yes
configure:17399: checking for unistd.h
configure:17399: result: yes
configure:17399: checking wchar.h usability
configure:17399: gcc -c -g -O2  -I/h/opt/ADL-SDK/include -I'/c/Program Files/Java/jdk1.6.0_45/include' -I'/c/Program Files/Java/jdk1.6.0_45/include/win32' conftest.c >&5
gcc: Files/Java/jdk1.6.0_45/include': No such file or directory
gcc: Files/Java/jdk1.6.0_45/include/win32': No such file or directory
configure:17399: $? = 1
configure: failed program was:
| /* confdefs.h */
| #define PACKAGE_NAME "FULL-PACKAGE-NAME"
| #define PACKAGE_TARNAME "full-package-name"
| #define PACKAGE_VERSION "VERSION"
| #define PACKAGE_STRING "FULL-PACKAGE-NAME VERSION"
| #define PACKAGE_BUGREPORT "BUG-REPORT-ADDRESS"
| #define PACKAGE_URL ""
| #define PACKAGE "full-package-name"
| #define VERSION "VERSION"
| #define STDC_HEADERS 1
| #define HAVE_SYS_TYPES_H 1
| #define HAVE_SYS_STAT_H 1
| #define HAVE_STDLIB_H 1
| #define HAVE_STRING_H 1
| #define HAVE_MEMORY_H 1
| #define HAVE_STRINGS_H 1
| #define HAVE_UNISTD_H 1
| #define HAVE_DLFCN_H 1
| #define LT_OBJDIR ".libs/"
| #define _WIN32_WINNT 0x0501
| #define HAVE_STDLIB_H 1
| #define HAVE_STRING_H 1
| #define HAVE_UNISTD_H 1
| /* end confdefs.h.  */
| #include <stdio.h>
| #ifdef HAVE_SYS_TYPES_H
| # include <sys/types.h>
| #endif
| #ifdef HAVE_SYS_STAT_H
| # include <sys/stat.h>
| #endif
| #ifdef STDC_HEADERS
| # include <stdlib.h>
| # include <stddef.h>
| #else
| # ifdef HAVE_STDLIB_H
| #  include <stdlib.h>
| # endif
| #endif
| #ifdef HAVE_STRING_H
| # if !defined STDC_HEADERS && defined HAVE_MEMORY_H
| #  include <memory.h>
| # endif
| # include <string.h>
| #endif
| #ifdef HAVE_STRINGS_H
| # include <strings.h>
| #endif
| #ifdef HAVE_INTTYPES_H
| # include <inttypes.h>
| #endif
| #ifdef HAVE_STDINT_H
| # include <stdint.h>
| #endif
| #ifdef HAVE_UNISTD_H
| # include <unistd.h>
| #endif
| #include <wchar.h>
configure:17399: result: no
configure:17399: checking wchar.h presence
configure:17399: gcc -E  -I/h/opt/ADL-SDK/include -I'/c/Program Files/Java/jdk1.6.0_45/include' -I'/c/Program Files/Java/jdk1.6.0_45/include/win32' conftest.c
gcc: Files/Java/jdk1.6.0_45/include': No such file or directory
gcc: Files/Java/jdk1.6.0_45/include/win32': No such file or directory
configure:17399: $? = 1
configure: failed program was:
| /* confdefs.h */
| #define PACKAGE_NAME "FULL-PACKAGE-NAME"
| #define PACKAGE_TARNAME "full-package-name"
| #define PACKAGE_VERSION "VERSION"
| #define PACKAGE_STRING "FULL-PACKAGE-NAME VERSION"
| #define PACKAGE_BUGREPORT "BUG-REPORT-ADDRESS"
| #define PACKAGE_URL ""
| #define PACKAGE "full-package-name"
| #define VERSION "VERSION"
| #define STDC_HEADERS 1
| #define HAVE_SYS_TYPES_H 1
| #define HAVE_SYS_STAT_H 1
| #define HAVE_STDLIB_H 1
| #define HAVE_STRING_H 1
| #define HAVE_MEMORY_H 1
| #define HAVE_STRINGS_H 1
| #define HAVE_UNISTD_H 1
| #define HAVE_DLFCN_H 1
| #define LT_OBJDIR ".libs/"
| #define _WIN32_WINNT 0x0501
| #define HAVE_STDLIB_H 1
| #define HAVE_STRING_H 1
| #define HAVE_UNISTD_H 1
| /* end confdefs.h.  */
| #include <wchar.h>
configure:17399: result: no
configure:17399: checking for wchar.h
configure:17399: result: no
configure:17415: checking for stdlib.h
configure:17415: result: yes
configure:17425: checking for GNU libc compatible malloc
configure:17449: gcc -o conftest.exe -g -O2  -I/h/opt/ADL-SDK/include -I'/c/Program Files/Java/jdk1.6.0_45/include' -I'/c/Program Files/Java/jdk1.6.0_45/include/win32'  -no-undefined conftest.c  >&5
gcc: Files/Java/jdk1.6.0_45/include': No such file or directory
gcc: Files/Java/jdk1.6.0_45/include/win32': No such file or directory
gcc: unrecognized option `-no-undefined'
configure:17449: $? = 1
configure: program exited with status 1
configure: failed program was:
| /* confdefs.h */
| #define PACKAGE_NAME "FULL-PACKAGE-NAME"
| #define PACKAGE_TARNAME "full-package-name"
| #define PACKAGE_VERSION "VERSION"
| #define PACKAGE_STRING "FULL-PACKAGE-NAME VERSION"
| #define PACKAGE_BUGREPORT "BUG-REPORT-ADDRESS"
| #define PACKAGE_URL ""
| #define PACKAGE "full-package-name"
| #define VERSION "VERSION"
| #define STDC_HEADERS 1
| #define HAVE_SYS_TYPES_H 1
| #define HAVE_SYS_STAT_H 1
| #define HAVE_STDLIB_H 1
| #define HAVE_STRING_H 1
| #define HAVE_MEMORY_H 1
| #define HAVE_STRINGS_H 1
| #define HAVE_UNISTD_H 1
| #define HAVE_DLFCN_H 1
| #define LT_OBJDIR ".libs/"
| #define _WIN32_WINNT 0x0501
| #define HAVE_STDLIB_H 1
| #define HAVE_STRING_H 1
| #define HAVE_UNISTD_H 1
| #define HAVE_STDLIB_H 1
| /* end confdefs.h.  */
| #if defined STDC_HEADERS || defined HAVE_STDLIB_H
| # include <stdlib.h>
| #else
| char *malloc ();
| #endif
| 
| int
| main ()
| {
| return ! malloc (0);
|   ;
|   return 0;
| }
configure:17459: result: no
configure:17623: creating ./config.status

## ---------------------- ##
## Running config.status. ##
## ---------------------- ##

This file was extended by FULL-PACKAGE-NAME config.status VERSION, which was
generated by GNU Autoconf 2.68.  Invocation command line was

  CONFIG_FILES    = 
  CONFIG_HEADERS  = 
  CONFIG_LINKS    = 
  CONFIG_COMMANDS = 
  $ ./config.status 

on AsusNBA

config.status:1188: creating Makefile
config.status:1188: creating swig/Makefile
config.status:1188: creating src/Makefile
config.status:1188: creating config.h
config.status:1402: executing depfiles commands
config.status:1402: executing libtool commands

## ---------------- ##
## Cache variables. ##
## ---------------- ##

ac_cv_build=i686-pc-mingw32
ac_cv_c_compiler_gnu=yes
ac_cv_c_const=yes
ac_cv_cxx_compiler_gnu=yes
ac_cv_env_CCC_set=
ac_cv_env_CCC_value=
ac_cv_env_CC_set=
ac_cv_env_CC_value=
ac_cv_env_CFLAGS_set=
ac_cv_env_CFLAGS_value=
ac_cv_env_CPPFLAGS_set=
ac_cv_env_CPPFLAGS_value=
ac_cv_env_CPP_set=
ac_cv_env_CPP_value=
ac_cv_env_CXXCPP_set=
ac_cv_env_CXXCPP_value=
ac_cv_env_CXXFLAGS_set=
ac_cv_env_CXXFLAGS_value=
ac_cv_env_CXX_set=
ac_cv_env_CXX_value=
ac_cv_env_LDFLAGS_set=
ac_cv_env_LDFLAGS_value=
ac_cv_env_LIBS_set=
ac_cv_env_LIBS_value=
ac_cv_env_build_alias_set=
ac_cv_env_build_alias_value=
ac_cv_env_host_alias_set=
ac_cv_env_host_alias_value=
ac_cv_env_target_alias_set=
ac_cv_env_target_alias_value=
ac_cv_exeext=.exe
ac_cv_func_malloc_0_nonnull=no
ac_cv_header_dlfcn_h=yes
ac_cv_header_inttypes_h=no
ac_cv_header_memory_h=yes
ac_cv_header_stdc=yes
ac_cv_header_stdint_h=no
ac_cv_header_stdlib_h=yes
ac_cv_header_string_h=yes
ac_cv_header_strings_h=yes
ac_cv_header_sys_stat_h=yes
ac_cv_header_sys_types_h=yes
ac_cv_header_unistd_h=yes
ac_cv_header_wchar_h=no
ac_cv_host=i686-pc-mingw32
ac_cv_objext=o
ac_cv_path_EGREP='/bin/grep -E'
ac_cv_path_FGREP='/bin/grep -F'
ac_cv_path_GREP=/bin/grep
ac_cv_path_SED=/bin/sed
ac_cv_path_SWIG=/usr/local/bin/swig
ac_cv_path_install='/bin/install -c'
ac_cv_path_mkdir=/bin/mkdir
ac_cv_prog_AWK=gawk
ac_cv_prog_CPP='gcc -E'
ac_cv_prog_CXXCPP='g++ -E'
ac_cv_prog_ac_ct_AR=ar
ac_cv_prog_ac_ct_AS=as
ac_cv_prog_ac_ct_CC=gcc
ac_cv_prog_ac_ct_CXX=g++
ac_cv_prog_ac_ct_DLLTOOL=dlltool
ac_cv_prog_ac_ct_OBJDUMP=objdump
ac_cv_prog_ac_ct_RANLIB=ranlib
ac_cv_prog_ac_ct_STRIP=strip
ac_cv_prog_cc_c89=
ac_cv_prog_cc_g=yes
ac_cv_prog_cxx_g=yes
ac_cv_prog_make_make_set=yes
ac_cv_target=i686-pc-mingw32
am_cv_CC_dependencies_compiler_type=gcc3
am_cv_CXX_dependencies_compiler_type=gcc3
am_cv_prog_cc_stdc=
lt_cv_ar_at_file=@
lt_cv_archive_cmds_need_lc=yes
lt_cv_deplibs_check_method='file_magic ^x86 archive import|^x86 DLL'
lt_cv_file_magic_cmd=func_win32_libid
lt_cv_file_magic_test_file=
lt_cv_ld_reload_flag=-r
lt_cv_nm_interface='BSD nm'
lt_cv_objdir=.libs
lt_cv_path_LD=/bin/ld
lt_cv_path_LDCXX=/bin/ld
lt_cv_path_NM='/bin/nm -B'
lt_cv_path_mainfest_tool=no
lt_cv_prog_compiler_c_o=yes
lt_cv_prog_compiler_c_o_CXX=yes
lt_cv_prog_compiler_pic='-DDLL_EXPORT -DPIC'
lt_cv_prog_compiler_pic_CXX='-DDLL_EXPORT -DPIC'
lt_cv_prog_compiler_pic_works=yes
lt_cv_prog_compiler_pic_works_CXX=yes
lt_cv_prog_compiler_rtti_exceptions=no
lt_cv_prog_compiler_static_works=no
lt_cv_prog_compiler_static_works_CXX=no
lt_cv_prog_gnu_ld=yes
lt_cv_prog_gnu_ldcxx=yes
lt_cv_sharedlib_from_linklib_cmd=func_cygming_dll_for_implib
lt_cv_sys_global_symbol_pipe='sed -n -e '\''s/^.*[	 ]\([ABCDGIRSTW][ABCDGIRSTW]*\)[	 ][	 ]*_\([_A-Za-z][_A-Za-z0-9]*\)\{0,1\}$/\1 _\2 \2/p'\'' | sed '\''/ __gnu_lto/d'\'''
lt_cv_sys_global_symbol_to_c_name_address='sed -n -e '\''s/^: \([^ ]*\)[ ]*$/  {\"\1\", (void *) 0},/p'\'' -e '\''s/^[ABCDGIRSTW]* \([^ ]*\) \([^ ]*\)$/  {"\2", (void *) \&\2},/p'\'''
lt_cv_sys_global_symbol_to_c_name_address_lib_prefix='sed -n -e '\''s/^: \([^ ]*\)[ ]*$/  {\"\1\", (void *) 0},/p'\'' -e '\''s/^[ABCDGIRSTW]* \([^ ]*\) \(lib[^ ]*\)$/  {"\2", (void *) \&\2},/p'\'' -e '\''s/^[ABCDGIRSTW]* \([^ ]*\) \([^ ]*\)$/  {"lib\2", (void *) \&\2},/p'\'''
lt_cv_sys_global_symbol_to_cdecl='sed -n -e '\''s/^T .* \(.*\)$/extern int \1();/p'\'' -e '\''s/^[ABCDGIRSTW]* .* \(.*\)$/extern char \1;/p'\'''
lt_cv_sys_max_cmd_len=8192
lt_cv_to_host_file_cmd=func_convert_file_msys_to_w32
lt_cv_to_tool_file_cmd=func_convert_file_msys_to_w32

## ----------------- ##
## Output variables. ##
## ----------------- ##

ACLOCAL='${SHELL} /d/Users/Ralph/git/WarpCTL/extra/JADL-SDK/missing --run aclocal-1.11'
ADLSDK='/h/opt/ADL-SDK'
AMDEPBACKSLASH='\'
AMDEP_FALSE='#'
AMDEP_TRUE=''
AMTAR='${SHELL} /d/Users/Ralph/git/WarpCTL/extra/JADL-SDK/missing --run tar'
AM_CXXFLAGS=' -I/h/opt/ADL-SDK/include -I/c/Program Files/Java/jdk1.6.0_45/include'
AR='ar'
AS='as'
AUTOCONF='${SHELL} /d/Users/Ralph/git/WarpCTL/extra/JADL-SDK/missing --run autoconf'
AUTOHEADER='${SHELL} /d/Users/Ralph/git/WarpCTL/extra/JADL-SDK/missing --run autoheader'
AUTOMAKE='${SHELL} /d/Users/Ralph/git/WarpCTL/extra/JADL-SDK/missing --run automake-1.11'
AWK='gawk'
CC='gcc'
CCDEPMODE='depmode=gcc3'
CFLAGS='-g -O2'
CPP='gcc -E'
CPPFLAGS=' -I/h/opt/ADL-SDK/include -I'\''/c/Program Files/Java/jdk1.6.0_45/include'\'' -I'\''/c/Program Files/Java/jdk1.6.0_45/include/win32'\'''
CXX='g++'
CXXCPP='g++ -E'
CXXDEPMODE='depmode=gcc3'
CXXFLAGS='-g -O2'
CYGPATH_W='echo'
DEFS='-DHAVE_CONFIG_H'
DEPDIR='.deps'
DLLTOOL='dlltool'
DSYMUTIL=''
DUMPBIN=''
ECHO_C=''
ECHO_N='-n'
ECHO_T=''
EGREP='/bin/grep -E'
EXEEXT='.exe'
FGREP='/bin/grep -F'
GREP='/bin/grep'
INSTALL_DATA='${INSTALL} -m 644'
INSTALL_PROGRAM='${INSTALL}'
INSTALL_SCRIPT='${INSTALL}'
INSTALL_STRIP_PROGRAM='$(install_sh) -c -s'
JAVA_HOME='/c/Program Files/Java/jdk1.6.0_45'
LD='/bin/ld'
LDFLAGS=' -no-undefined'
LIBOBJS=' ${LIBOBJDIR}malloc$U.o'
LIBS=''
LIBTOOL='$(SHELL) $(top_builddir)/libtool'
LIPO=''
LN_S='cp -p'
LTLIBOBJS=' ${LIBOBJDIR}malloc$U.lo'
MAKEINFO='${SHELL} /d/Users/Ralph/git/WarpCTL/extra/JADL-SDK/missing --run makeinfo'
MANIFEST_TOOL=':'
MKDIR_P='/bin/mkdir -p'
NM='/bin/nm -B'
NMEDIT=''
OBJDUMP='objdump'
OBJEXT='o'
OTOOL64=''
OTOOL=''
PACKAGE='full-package-name'
PACKAGE_BUGREPORT='BUG-REPORT-ADDRESS'
PACKAGE_NAME='FULL-PACKAGE-NAME'
PACKAGE_STRING='FULL-PACKAGE-NAME VERSION'
PACKAGE_TARNAME='full-package-name'
PACKAGE_URL=''
PACKAGE_VERSION='VERSION'
PATH_SEPARATOR=':'
RANLIB='ranlib'
SED='/bin/sed'
SET_MAKE=''
SHELL='/bin/sh'
STRIP='strip'
SWIG='/usr/local/bin/swig'
SWIG_LIB='/usr/local/share/swig/2.0.9'
SWIG_PLATFORM_ARGS='-I'\''/c/Program Files/Java/jdk1.6.0_45/include/win32'\'''
VERSION='VERSION'
ac_ct_AR='ar'
ac_ct_CC='gcc'
ac_ct_CXX='g++'
ac_ct_DUMPBIN=''
am__EXEEXT_FALSE='#'
am__EXEEXT_TRUE=''
am__fastdepCC_FALSE='#'
am__fastdepCC_TRUE=''
am__fastdepCXX_FALSE='#'
am__fastdepCXX_TRUE=''
am__include='include'
am__isrc=' -I$(srcdir)'
am__leading_dot='.'
am__quote=''
am__tar='${AMTAR} chof - "$$tardir"'
am__untar='${AMTAR} xf -'
bindir='${exec_prefix}/bin'
build='i686-pc-mingw32'
build_alias=''
build_cpu='i686'
build_os='mingw32'
build_vendor='pc'
datadir='${datarootdir}'
datarootdir='${prefix}/share'
docdir='${datarootdir}/doc/${PACKAGE_TARNAME}'
dvidir='${docdir}'
exec_prefix='${prefix}'
host='i686-pc-mingw32'
host_alias=''
host_cpu='i686'
host_os='mingw32'
host_vendor='pc'
htmldir='${docdir}'
includedir='${prefix}/include'
infodir='${datarootdir}/info'
install_sh='${SHELL} /d/Users/Ralph/git/WarpCTL/extra/JADL-SDK/install-sh'
libdir='${exec_prefix}/lib'
libexecdir='${exec_prefix}/libexec'
localedir='${datarootdir}/locale'
localstatedir='${prefix}/var'
mandir='${datarootdir}/man'
mkdir_p='/bin/mkdir -p'
oldincludedir='/usr/include'
pdfdir='${docdir}'
prefix='/usr/local'
program_transform_name='s,x,x,'
psdir='${docdir}'
sbindir='${exec_prefix}/sbin'
sharedstatedir='${prefix}/com'
sysconfdir='${prefix}/etc'
target='i686-pc-mingw32'
target_alias=''
target_cpu='i686'
target_os='mingw32'
target_vendor='pc'

## ----------- ##
## confdefs.h. ##
## ----------- ##

/* confdefs.h */
#define PACKAGE_NAME "FULL-PACKAGE-NAME"
#define PACKAGE_TARNAME "full-package-name"
#define PACKAGE_VERSION "VERSION"
#define PACKAGE_STRING "FULL-PACKAGE-NAME VERSION"
#define PACKAGE_BUGREPORT "BUG-REPORT-ADDRESS"
#define PACKAGE_URL ""
#define PACKAGE "full-package-name"
#define VERSION "VERSION"
#define STDC_HEADERS 1
#define HAVE_SYS_TYPES_H 1
#define HAVE_SYS_STAT_H 1
#define HAVE_STDLIB_H 1
#define HAVE_STRING_H 1
#define HAVE_MEMORY_H 1
#define HAVE_STRINGS_H 1
#define HAVE_UNISTD_H 1
#define HAVE_DLFCN_H 1
#define LT_OBJDIR ".libs/"
#define _WIN32_WINNT 0x0501
#define HAVE_STDLIB_H 1
#define HAVE_STRING_H 1
#define HAVE_UNISTD_H 1
#define HAVE_STDLIB_H 1
#define HAVE_MALLOC 0
#define malloc rpl_malloc

configure: exit 0

## ---------------------- ##
## Running config.status. ##
## ---------------------- ##

This file was extended by FULL-PACKAGE-NAME config.status VERSION, which was
generated by GNU Autoconf 2.68.  Invocation command line was

  CONFIG_FILES    = 
  CONFIG_HEADERS  = 
  CONFIG_LINKS    = 
  CONFIG_COMMANDS = 
  $ ./config.status config.h

on AsusNBA

config.status:1188: creating config.h
config.status:1354: config.h is unchanged
